{"/home/travis/build/npmtest/node-npmtest-shelljs/test.js":{"path":"/home/travis/build/npmtest/node-npmtest-shelljs/test.js","s":{"1":2,"2":2,"3":2,"4":2,"5":2,"6":2,"7":2,"8":1,"9":2,"10":2,"11":1,"12":1,"13":1,"14":1,"15":2,"16":2,"17":2,"18":2,"19":1,"20":1,"21":2,"22":2,"23":2,"24":1,"25":1,"26":1,"27":1,"28":1,"29":1,"30":1,"31":1,"32":1,"33":1,"34":1,"35":1,"36":1,"37":1,"38":1,"39":2,"40":2,"41":1,"42":2,"43":2,"44":1,"45":2,"46":2,"47":1,"48":2,"49":2,"50":1,"51":1,"52":1,"53":1,"54":1},"b":{"1":[2,1,1,1],"2":[1,1,1,1],"3":[1,1],"4":[1,1],"5":[1,1],"6":[1,1],"7":[1,1],"8":[1,1],"9":[1,1],"10":[1,1,1],"11":[1,1],"12":[1,1],"13":[1,1],"14":[1,1],"15":[1,1],"16":[1,1],"17":[1,1]},"f":{"1":2,"2":2,"3":2,"4":2,"5":2,"6":1,"7":1,"8":1,"9":2,"10":2,"11":2,"12":2,"13":1},"fnMap":{"1":{"name":"(anonymous_1)","line":12,"loc":{"start":{"line":12,"column":1},"end":{"line":12,"column":13}}},"2":{"name":"(anonymous_2)","line":19,"loc":{"start":{"line":19,"column":5},"end":{"line":19,"column":17}}},"3":{"name":"(anonymous_3)","line":23,"loc":{"start":{"line":23,"column":24},"end":{"line":23,"column":36}}},"4":{"name":"(anonymous_4)","line":61,"loc":{"start":{"line":61,"column":5},"end":{"line":61,"column":17}}},"5":{"name":"(anonymous_5)","line":82,"loc":{"start":{"line":82,"column":5},"end":{"line":82,"column":17}}},"6":{"name":"(anonymous_6)","line":91,"loc":{"start":{"line":91,"column":77},"end":{"line":94,"column":10}}},"7":{"name":"(anonymous_7)","line":112,"loc":{"start":{"line":112,"column":83},"end":{"line":115,"column":10}},"skip":true},"8":{"name":"(anonymous_8)","line":123,"loc":{"start":{"line":123,"column":77},"end":{"line":126,"column":10}},"skip":true},"9":{"name":"(anonymous_9)","line":139,"loc":{"start":{"line":139,"column":12},"end":{"line":139,"column":40}},"skip":true},"10":{"name":"(anonymous_10)","line":147,"loc":{"start":{"line":147,"column":77},"end":{"line":150,"column":10}},"skip":true},"11":{"name":"(anonymous_11)","line":158,"loc":{"start":{"line":158,"column":83},"end":{"line":161,"column":10}},"skip":true},"12":{"name":"(anonymous_12)","line":169,"loc":{"start":{"line":169,"column":79},"end":{"line":172,"column":10}},"skip":true},"13":{"name":"(anonymous_13)","line":180,"loc":{"start":{"line":180,"column":75},"end":{"line":183,"column":10}},"skip":true}},"statementMap":{"1":{"start":{"line":12,"column":0},"end":{"line":195,"column":5}},"2":{"start":{"line":14,"column":4},"end":{"line":14,"column":14}},"3":{"start":{"line":19,"column":4},"end":{"line":56,"column":9}},"4":{"start":{"line":21,"column":8},"end":{"line":21,"column":19}},"5":{"start":{"line":23,"column":8},"end":{"line":35,"column":13}},"6":{"start":{"line":24,"column":12},"end":{"line":34,"column":13}},"7":{"start":{"line":25,"column":16},"end":{"line":28,"column":30}},"8":{"start":{"line":30,"column":16},"end":{"line":33,"column":27}},"9":{"start":{"line":37,"column":8},"end":{"line":39,"column":21}},"10":{"start":{"line":40,"column":8},"end":{"line":53,"column":9}},"11":{"start":{"line":43,"column":12},"end":{"line":46,"column":14}},"12":{"start":{"line":47,"column":12},"end":{"line":47,"column":18}},"13":{"start":{"line":50,"column":12},"end":{"line":51,"column":33}},"14":{"start":{"line":52,"column":12},"end":{"line":52,"column":18}},"15":{"start":{"line":55,"column":8},"end":{"line":55,"column":35}},"16":{"start":{"line":61,"column":4},"end":{"line":63,"column":9}},"17":{"start":{"line":62,"column":8},"end":{"line":62,"column":15}},"18":{"start":{"line":64,"column":4},"end":{"line":77,"column":5}},"19":{"start":{"line":70,"column":8},"end":{"line":70,"column":14}},"20":{"start":{"line":76,"column":8},"end":{"line":76,"column":14}},"21":{"start":{"line":82,"column":4},"end":{"line":84,"column":9}},"22":{"start":{"line":83,"column":8},"end":{"line":83,"column":15}},"23":{"start":{"line":85,"column":4},"end":{"line":194,"column":5}},"24":{"start":{"line":91,"column":8},"end":{"line":99,"column":10}},"25":{"start":{"line":98,"column":12},"end":{"line":98,"column":35}},"26":{"start":{"line":102,"column":8},"end":{"line":104,"column":63}},"27":{"start":{"line":105,"column":8},"end":{"line":105,"column":14}},"28":{"start":{"line":112,"column":8},"end":{"line":121,"column":10},"skip":true},"29":{"start":{"line":119,"column":12},"end":{"line":119,"column":55},"skip":true},"30":{"start":{"line":120,"column":12},"end":{"line":120,"column":48},"skip":true},"31":{"start":{"line":123,"column":8},"end":{"line":136,"column":10},"skip":true},"32":{"start":{"line":130,"column":12},"end":{"line":130,"column":76},"skip":true},"33":{"start":{"line":131,"column":12},"end":{"line":131,"column":73},"skip":true},"34":{"start":{"line":132,"column":12},"end":{"line":132,"column":74},"skip":true},"35":{"start":{"line":133,"column":12},"end":{"line":133,"column":79},"skip":true},"36":{"start":{"line":134,"column":12},"end":{"line":134,"column":25},"skip":true},"37":{"start":{"line":135,"column":12},"end":{"line":135,"column":45},"skip":true},"38":{"start":{"line":138,"column":8},"end":{"line":145,"column":14},"skip":true},"39":{"start":{"line":143,"column":16},"end":{"line":143,"column":29},"skip":true},"40":{"start":{"line":144,"column":16},"end":{"line":144,"column":55},"skip":true},"41":{"start":{"line":147,"column":8},"end":{"line":156,"column":10},"skip":true},"42":{"start":{"line":154,"column":12},"end":{"line":154,"column":25},"skip":true},"43":{"start":{"line":155,"column":12},"end":{"line":155,"column":45},"skip":true},"44":{"start":{"line":158,"column":8},"end":{"line":167,"column":10},"skip":true},"45":{"start":{"line":165,"column":12},"end":{"line":165,"column":25},"skip":true},"46":{"start":{"line":166,"column":12},"end":{"line":166,"column":48},"skip":true},"47":{"start":{"line":169,"column":8},"end":{"line":178,"column":10},"skip":true},"48":{"start":{"line":176,"column":12},"end":{"line":176,"column":25},"skip":true},"49":{"start":{"line":177,"column":12},"end":{"line":177,"column":46},"skip":true},"50":{"start":{"line":180,"column":8},"end":{"line":189,"column":10},"skip":true},"51":{"start":{"line":187,"column":12},"end":{"line":187,"column":94},"skip":true},"52":{"start":{"line":188,"column":12},"end":{"line":188,"column":48},"skip":true},"53":{"start":{"line":192,"column":8},"end":{"line":192,"column":35},"skip":true},"54":{"start":{"line":193,"column":8},"end":{"line":193,"column":14},"skip":true}},"branchMap":{"1":{"line":25,"type":"binary-expr","locations":[{"start":{"line":25,"column":23},"end":{"line":25,"column":62}},{"start":{"line":26,"column":20},"end":{"line":26,"column":70}},{"start":{"line":27,"column":20},"end":{"line":27,"column":71}},{"start":{"line":28,"column":20},"end":{"line":28,"column":29}}]},"2":{"line":30,"type":"binary-expr","locations":[{"start":{"line":30,"column":23},"end":{"line":30,"column":37}},{"start":{"line":31,"column":20},"end":{"line":31,"column":61}},{"start":{"line":32,"column":20},"end":{"line":32,"column":70}},{"start":{"line":33,"column":20},"end":{"line":33,"column":26}}]},"3":{"line":37,"type":"cond-expr","locations":[{"start":{"line":38,"column":14},"end":{"line":38,"column":20}},{"start":{"line":39,"column":14},"end":{"line":39,"column":20}}]},"4":{"line":40,"type":"switch","locations":[{"start":{"line":42,"column":8},"end":{"line":47,"column":18}},{"start":{"line":49,"column":8},"end":{"line":52,"column":18}}]},"5":{"line":44,"type":"binary-expr","locations":[{"start":{"line":44,"column":16},"end":{"line":44,"column":44}},{"start":{"line":44,"column":48},"end":{"line":44,"column":66}}]},"6":{"line":50,"type":"binary-expr","locations":[{"start":{"line":50,"column":21},"end":{"line":50,"column":49}},{"start":{"line":50,"column":53},"end":{"line":50,"column":72}}]},"7":{"line":64,"type":"switch","locations":[{"start":{"line":69,"column":4},"end":{"line":70,"column":14}},{"start":{"line":75,"column":4},"end":{"line":76,"column":14}}]},"8":{"line":85,"type":"switch","locations":[{"start":{"line":90,"column":4},"end":{"line":105,"column":14}},{"start":{"line":111,"column":4},"end":{"line":193,"column":14},"skip":true}]},"9":{"line":91,"type":"binary-expr","locations":[{"start":{"line":91,"column":42},"end":{"line":91,"column":73}},{"start":{"line":91,"column":77},"end":{"line":99,"column":9}}]},"10":{"line":102,"type":"binary-expr","locations":[{"start":{"line":102,"column":18},"end":{"line":102,"column":32}},{"start":{"line":103,"column":12},"end":{"line":103,"column":53}},{"start":{"line":104,"column":12},"end":{"line":104,"column":61}}]},"11":{"line":112,"type":"binary-expr","locations":[{"start":{"line":112,"column":45},"end":{"line":112,"column":79},"skip":true},{"start":{"line":112,"column":83},"end":{"line":121,"column":9},"skip":true}]},"12":{"line":123,"type":"binary-expr","locations":[{"start":{"line":123,"column":42},"end":{"line":123,"column":73},"skip":true},{"start":{"line":123,"column":77},"end":{"line":136,"column":9},"skip":true}]},"13":{"line":138,"type":"binary-expr","locations":[{"start":{"line":138,"column":48},"end":{"line":138,"column":85},"skip":true},{"start":{"line":139,"column":12},"end":{"line":145,"column":13},"skip":true}]},"14":{"line":147,"type":"binary-expr","locations":[{"start":{"line":147,"column":42},"end":{"line":147,"column":73},"skip":true},{"start":{"line":147,"column":77},"end":{"line":156,"column":9},"skip":true}]},"15":{"line":158,"type":"binary-expr","locations":[{"start":{"line":158,"column":45},"end":{"line":158,"column":79},"skip":true},{"start":{"line":158,"column":83},"end":{"line":167,"column":9},"skip":true}]},"16":{"line":169,"type":"binary-expr","locations":[{"start":{"line":169,"column":43},"end":{"line":169,"column":75},"skip":true},{"start":{"line":169,"column":79},"end":{"line":178,"column":9},"skip":true}]},"17":{"line":180,"type":"binary-expr","locations":[{"start":{"line":180,"column":41},"end":{"line":180,"column":71},"skip":true},{"start":{"line":180,"column":75},"end":{"line":189,"column":9},"skip":true}]}},"code":["/* istanbul instrument in package npmtest_shelljs */","/*jslint","    bitwise: true,","    browser: true,","    maxerr: 8,","    maxlen: 96,","    node: true,","    nomen: true,","    regexp: true,","    stupid: true","*/","(function () {","    'use strict';","    var local;","","","","    // run shared js-env code - init-before","    (function () {","        // init local","        local = {};","        // init modeJs","        local.modeJs = (function () {","            try {","                return typeof navigator.userAgent === 'string' &&","                    typeof document.querySelector('body') === 'object' &&","                    typeof XMLHttpRequest.prototype.open === 'function' &&","                    'browser';","            } catch (errorCaughtBrowser) {","                return module.exports &&","                    typeof process.versions.node === 'string' &&","                    typeof require('http').createServer === 'function' &&","                    'node';","            }","        }());","        // init global","        local.global = local.modeJs === 'browser'","            ? window","            : global;","        switch (local.modeJs) {","        // re-init local from window.local","        case 'browser':","            local = local.global.utility2.objectSetDefault(","                local.global.utility2_rollup || local.global.local,","                local.global.utility2","            );","            break;","        // re-init local from example.js","        case 'node':","            local = (local.global.utility2_rollup || require('utility2'))","                .requireReadme();","            break;","        }","        // export local","        local.global.local = local;","    }());","","","","    // run shared js-env code - function","    (function () {","        return;","    }());","    switch (local.modeJs) {","","","","    // run browser js-env code - function","    case 'browser':","        break;","","","","    // run node js-env code - function","    case 'node':","        break;","    }","","","","    // run shared js-env code - init-after","    (function () {","        return;","    }());","    switch (local.modeJs) {","","","","    // run browser js-env code - init-after","    case 'browser':","        local.testCase_browser_nullCase = local.testCase_browser_nullCase || function (","            options,","            onError","        ) {","        /*","         * this function will test browsers's null-case handling-behavior-behavior","         */","            onError(null, options);","        };","","        // run tests","        local.nop(local.modeTest &&","            document.querySelector('#testRunButton1') &&","            document.querySelector('#testRunButton1').click());","        break;","","","","    // run node js-env code - init-after","    /* istanbul ignore next */","    case 'node':","        local.testCase_buildApidoc_default = local.testCase_buildApidoc_default || function (","            options,","            onError","        ) {","        /*","         * this function will test buildApidoc's default handling-behavior-behavior","         */","            options = { modulePathList: module.paths };","            local.buildApidoc(options, onError);","        };","","        local.testCase_buildApp_default = local.testCase_buildApp_default || function (","            options,","            onError","        ) {","        /*","         * this function will test buildApp's default handling-behavior-behavior","         */","            local.testCase_buildReadme_default(options, local.onErrorThrow);","            local.testCase_buildLib_default(options, local.onErrorThrow);","            local.testCase_buildTest_default(options, local.onErrorThrow);","            local.testCase_buildCustomOrg_default(options, local.onErrorThrow);","            options = [];","            local.buildApp(options, onError);","        };","","        local.testCase_buildCustomOrg_default = local.testCase_buildCustomOrg_default ||","            function (options, onError) {","            /*","             * this function will test buildCustomOrg's default handling-behavior","             */","                options = {};","                local.buildCustomOrg(options, onError);","            };","","        local.testCase_buildLib_default = local.testCase_buildLib_default || function (","            options,","            onError","        ) {","        /*","         * this function will test buildLib's default handling-behavior","         */","            options = {};","            local.buildLib(options, onError);","        };","","        local.testCase_buildReadme_default = local.testCase_buildReadme_default || function (","            options,","            onError","        ) {","        /*","         * this function will test buildReadme's default handling-behavior-behavior","         */","            options = {};","            local.buildReadme(options, onError);","        };","","        local.testCase_buildTest_default = local.testCase_buildTest_default || function (","            options,","            onError","        ) {","        /*","         * this function will test buildTest's default handling-behavior","         */","            options = {};","            local.buildTest(options, onError);","        };","","        local.testCase_webpage_default = local.testCase_webpage_default || function (","            options,","            onError","        ) {","        /*","         * this function will test webpage's default handling-behavior","         */","            options = { modeCoverageMerge: true, url: local.serverLocalHost + '?modeTest=1' };","            local.browserTest(options, onError);","        };","","        // run test-server","        local.testRunServer(local);","        break;","    }","}());",""],"l":{"12":2,"14":2,"19":2,"21":2,"23":2,"24":2,"25":2,"30":1,"37":2,"40":2,"43":1,"47":1,"50":1,"52":1,"55":2,"61":2,"62":2,"64":2,"70":1,"76":1,"82":2,"83":2,"85":2,"91":1,"98":1,"102":1,"105":1,"112":1,"119":1,"120":1,"123":1,"130":1,"131":1,"132":1,"133":1,"134":1,"135":1,"138":1,"143":2,"144":2,"147":1,"154":2,"155":2,"158":1,"165":2,"166":2,"169":1,"176":2,"177":2,"180":1,"187":1,"188":1,"192":1,"193":1}},"/home/travis/build/npmtest/node-npmtest-shelljs/lib.npmtest_shelljs.js":{"path":"/home/travis/build/npmtest/node-npmtest-shelljs/lib.npmtest_shelljs.js","s":{"1":2,"2":2,"3":2,"4":2,"5":2,"6":2,"7":2,"8":1,"9":2,"10":2,"11":2,"12":2,"13":1,"14":1,"15":1,"16":1},"b":{"1":[2,1,1,1],"2":[1,1,1,1],"3":[1,1],"4":[2,2],"5":[1,1]},"f":{"1":2,"2":2,"3":2},"fnMap":{"1":{"name":"(anonymous_1)","line":12,"loc":{"start":{"line":12,"column":1},"end":{"line":12,"column":13}}},"2":{"name":"(anonymous_2)","line":19,"loc":{"start":{"line":19,"column":5},"end":{"line":19,"column":17}}},"3":{"name":"(anonymous_3)","line":23,"loc":{"start":{"line":23,"column":24},"end":{"line":23,"column":36}}}},"statementMap":{"1":{"start":{"line":12,"column":0},"end":{"line":53,"column":5}},"2":{"start":{"line":14,"column":4},"end":{"line":14,"column":14}},"3":{"start":{"line":19,"column":4},"end":{"line":52,"column":9}},"4":{"start":{"line":21,"column":8},"end":{"line":21,"column":19}},"5":{"start":{"line":23,"column":8},"end":{"line":35,"column":13}},"6":{"start":{"line":24,"column":12},"end":{"line":34,"column":13}},"7":{"start":{"line":25,"column":16},"end":{"line":28,"column":30}},"8":{"start":{"line":30,"column":16},"end":{"line":33,"column":27}},"9":{"start":{"line":37,"column":8},"end":{"line":39,"column":21}},"10":{"start":{"line":41,"column":8},"end":{"line":41,"column":54}},"11":{"start":{"line":43,"column":8},"end":{"line":43,"column":52}},"12":{"start":{"line":45,"column":8},"end":{"line":51,"column":9}},"13":{"start":{"line":46,"column":12},"end":{"line":46,"column":58}},"14":{"start":{"line":48,"column":12},"end":{"line":48,"column":35}},"15":{"start":{"line":49,"column":12},"end":{"line":49,"column":49}},"16":{"start":{"line":50,"column":12},"end":{"line":50,"column":43}}},"branchMap":{"1":{"line":25,"type":"binary-expr","locations":[{"start":{"line":25,"column":23},"end":{"line":25,"column":62}},{"start":{"line":26,"column":20},"end":{"line":26,"column":70}},{"start":{"line":27,"column":20},"end":{"line":27,"column":71}},{"start":{"line":28,"column":20},"end":{"line":28,"column":29}}]},"2":{"line":30,"type":"binary-expr","locations":[{"start":{"line":30,"column":23},"end":{"line":30,"column":37}},{"start":{"line":31,"column":20},"end":{"line":31,"column":61}},{"start":{"line":32,"column":20},"end":{"line":32,"column":70}},{"start":{"line":33,"column":20},"end":{"line":33,"column":26}}]},"3":{"line":37,"type":"cond-expr","locations":[{"start":{"line":38,"column":14},"end":{"line":38,"column":20}},{"start":{"line":39,"column":14},"end":{"line":39,"column":20}}]},"4":{"line":41,"type":"binary-expr","locations":[{"start":{"line":41,"column":16},"end":{"line":41,"column":44}},{"start":{"line":41,"column":48},"end":{"line":41,"column":53}}]},"5":{"line":45,"type":"if","locations":[{"start":{"line":45,"column":8},"end":{"line":45,"column":8}},{"start":{"line":45,"column":8},"end":{"line":45,"column":8}}]}},"code":["/* istanbul instrument in package npmtest_shelljs */","/*jslint","    bitwise: true,","    browser: true,","    maxerr: 8,","    maxlen: 96,","    node: true,","    nomen: true,","    regexp: true,","    stupid: true","*/","(function () {","    'use strict';","    var local;","","","","    // run shared js-env code - init-before","    (function () {","        // init local","        local = {};","        // init modeJs","        local.modeJs = (function () {","            try {","                return typeof navigator.userAgent === 'string' &&","                    typeof document.querySelector('body') === 'object' &&","                    typeof XMLHttpRequest.prototype.open === 'function' &&","                    'browser';","            } catch (errorCaughtBrowser) {","                return module.exports &&","                    typeof process.versions.node === 'string' &&","                    typeof require('http').createServer === 'function' &&","                    'node';","            }","        }());","        // init global","        local.global = local.modeJs === 'browser'","            ? window","            : global;","        // init utility2_rollup","        local = local.global.utility2_rollup || local;","        // init lib","        local.local = local.npmtest_shelljs = local;","        // init exports","        if (local.modeJs === 'browser') {","            local.global.utility2_npmtest_shelljs = local;","        } else {","            module.exports = local;","            module.exports.__dirname = __dirname;","            module.exports.module = module;","        }","    }());","}());",""],"l":{"12":2,"14":2,"19":2,"21":2,"23":2,"24":2,"25":2,"30":1,"37":2,"41":2,"43":2,"45":2,"46":1,"48":1,"49":1,"50":1}},"/home/travis/build/npmtest/node-npmtest-shelljs/example.js":{"path":"/home/travis/build/npmtest/node-npmtest-shelljs/example.js","s":{"1":2,"2":2,"3":2,"4":2,"5":2,"6":2,"7":2,"8":1,"9":2,"10":2,"11":2,"12":2,"13":1,"14":2,"15":2,"16":2,"17":2,"18":2,"19":0,"20":2,"21":1,"22":1,"23":1,"24":1,"25":1,"26":0,"27":0,"28":1,"29":1,"30":2,"31":0,"32":0,"33":0,"34":1,"35":2,"36":2,"37":3,"38":3,"39":3,"40":3,"41":0,"42":3,"43":3,"44":3,"45":1,"46":3,"47":1,"48":1,"49":1,"50":1,"51":1,"52":1,"53":1,"54":1,"55":1,"56":1,"57":0,"58":1,"59":6,"60":6,"61":1,"62":2,"63":0,"64":2,"65":1,"66":1,"67":0,"68":0,"69":0,"70":0,"71":0,"72":0,"73":0,"74":0,"75":0,"76":0,"77":0,"78":0,"79":0,"80":0,"81":0,"82":0,"83":0},"b":{"1":[2,1,1,1],"2":[1,1,1,1],"3":[1,1],"4":[2,2],"5":[1,1],"6":[1,1],"7":[2,0],"8":[2,1,1,1,1,1],"9":[0,2,0],"10":[1,1],"11":[2,1,1],"12":[1,0],"13":[0,2],"14":[2,0,0,0,0,0,0],"15":[0,3],"16":[3,0],"17":[1,1],"18":[0,1],"19":[1,2,0,2],"20":[1,0],"21":[1,1],"22":[0,0],"23":[0,0],"24":[0,0],"25":[0,0],"26":[0,0],"27":[0,0],"28":[0,0]},"f":{"1":2,"2":2,"3":2,"4":2,"5":2,"6":2,"7":3,"8":3,"9":3,"10":1,"11":6,"12":0},"fnMap":{"1":{"name":"(anonymous_1)","line":26,"loc":{"start":{"line":26,"column":1},"end":{"line":26,"column":13}}},"2":{"name":"(anonymous_2)","line":33,"loc":{"start":{"line":33,"column":5},"end":{"line":33,"column":17}}},"3":{"name":"(anonymous_3)","line":37,"loc":{"start":{"line":37,"column":24},"end":{"line":37,"column":36}}},"4":{"name":"(anonymous_4)","line":69,"loc":{"start":{"line":69,"column":31},"end":{"line":69,"column":48}},"skip":true},"5":{"name":"(anonymous_5)","line":78,"loc":{"start":{"line":78,"column":26},"end":{"line":78,"column":45}},"skip":true},"6":{"name":"(anonymous_6)","line":123,"loc":{"start":{"line":123,"column":33},"end":{"line":123,"column":48}},"skip":true},"7":{"name":"(anonymous_7)","line":125,"loc":{"start":{"line":125,"column":27},"end":{"line":125,"column":39}},"skip":true},"8":{"name":"(anonymous_8)","line":133,"loc":{"start":{"line":133,"column":59},"end":{"line":133,"column":74}},"skip":true},"9":{"name":"(anonymous_9)","line":143,"loc":{"start":{"line":143,"column":45},"end":{"line":143,"column":62}},"skip":true},"10":{"name":"(anonymous_10)","line":144,"loc":{"start":{"line":144,"column":73},"end":{"line":144,"column":92}},"skip":true},"11":{"name":"(anonymous_11)","line":272,"loc":{"start":{"line":272,"column":51},"end":{"line":272,"column":77}},"skip":true},"12":{"name":"(anonymous_12)","line":315,"loc":{"start":{"line":315,"column":32},"end":{"line":315,"column":61}},"skip":true}},"statementMap":{"1":{"start":{"line":26,"column":0},"end":{"line":326,"column":5}},"2":{"start":{"line":28,"column":4},"end":{"line":28,"column":14}},"3":{"start":{"line":33,"column":4},"end":{"line":60,"column":9}},"4":{"start":{"line":35,"column":8},"end":{"line":35,"column":19}},"5":{"start":{"line":37,"column":8},"end":{"line":49,"column":13}},"6":{"start":{"line":38,"column":12},"end":{"line":48,"column":13}},"7":{"start":{"line":39,"column":16},"end":{"line":42,"column":30}},"8":{"start":{"line":44,"column":16},"end":{"line":47,"column":27}},"9":{"start":{"line":51,"column":8},"end":{"line":53,"column":21}},"10":{"start":{"line":55,"column":8},"end":{"line":57,"column":45}},"11":{"start":{"line":59,"column":8},"end":{"line":59,"column":35}},"12":{"start":{"line":61,"column":4},"end":{"line":325,"column":5}},"13":{"start":{"line":69,"column":8},"end":{"line":121,"column":10},"skip":true},"14":{"start":{"line":70,"column":12},"end":{"line":88,"column":13},"skip":true},"15":{"start":{"line":76,"column":16},"end":{"line":87,"column":19},"skip":true},"16":{"start":{"line":79,"column":20},"end":{"line":86,"column":21},"skip":true},"17":{"start":{"line":82,"column":24},"end":{"line":82,"column":43},"skip":true},"18":{"start":{"line":83,"column":24},"end":{"line":83,"column":30},"skip":true},"19":{"start":{"line":85,"column":24},"end":{"line":85,"column":49},"skip":true},"20":{"start":{"line":89,"column":12},"end":{"line":107,"column":13},"skip":true},"21":{"start":{"line":92,"column":16},"end":{"line":102,"column":17},"skip":true},"22":{"start":{"line":93,"column":20},"end":{"line":93,"column":86},"skip":true},"23":{"start":{"line":94,"column":20},"end":{"line":95,"column":45},"skip":true},"24":{"start":{"line":96,"column":20},"end":{"line":96,"column":42},"skip":true},"25":{"start":{"line":97,"column":20},"end":{"line":97,"column":48},"skip":true},"26":{"start":{"line":100,"column":20},"end":{"line":100,"column":85},"skip":true},"27":{"start":{"line":101,"column":20},"end":{"line":101,"column":96},"skip":true},"28":{"start":{"line":103,"column":16},"end":{"line":103,"column":22},"skip":true},"29":{"start":{"line":106,"column":16},"end":{"line":106,"column":22},"skip":true},"30":{"start":{"line":108,"column":12},"end":{"line":120,"column":13},"skip":true},"31":{"start":{"line":114,"column":16},"end":{"line":119,"column":17},"skip":true},"32":{"start":{"line":116,"column":20},"end":{"line":116,"column":78},"skip":true},"33":{"start":{"line":118,"column":20},"end":{"line":118,"column":47},"skip":true},"34":{"start":{"line":123,"column":8},"end":{"line":141,"column":11},"skip":true},"35":{"start":{"line":124,"column":12},"end":{"line":124,"column":54},"skip":true},"36":{"start":{"line":125,"column":12},"end":{"line":140,"column":14},"skip":true},"37":{"start":{"line":126,"column":16},"end":{"line":126,"column":28},"skip":true},"38":{"start":{"line":127,"column":16},"end":{"line":127,"column":69},"skip":true},"39":{"start":{"line":128,"column":16},"end":{"line":128,"column":75},"skip":true},"40":{"start":{"line":129,"column":16},"end":{"line":131,"column":17},"skip":true},"41":{"start":{"line":130,"column":20},"end":{"line":130,"column":27},"skip":true},"42":{"start":{"line":133,"column":16},"end":{"line":137,"column":36},"skip":true},"43":{"start":{"line":134,"column":20},"end":{"line":136,"column":55},"skip":true},"44":{"start":{"line":139,"column":16},"end":{"line":139,"column":57},"skip":true},"45":{"start":{"line":143,"column":8},"end":{"line":147,"column":11},"skip":true},"46":{"start":{"line":144,"column":12},"end":{"line":146,"column":15},"skip":true},"47":{"start":{"line":145,"column":16},"end":{"line":145,"column":70},"skip":true},"48":{"start":{"line":149,"column":8},"end":{"line":149,"column":31},"skip":true},"49":{"start":{"line":150,"column":8},"end":{"line":150,"column":14},"skip":true},"50":{"start":{"line":158,"column":8},"end":{"line":158,"column":31},"skip":true},"51":{"start":{"line":160,"column":8},"end":{"line":160,"column":33},"skip":true},"52":{"start":{"line":161,"column":8},"end":{"line":161,"column":37},"skip":true},"53":{"start":{"line":162,"column":8},"end":{"line":162,"column":35},"skip":true},"54":{"start":{"line":164,"column":8},"end":{"line":164,"column":50},"skip":true},"55":{"start":{"line":166,"column":8},"end":{"line":256,"column":2},"skip":true},"56":{"start":{"line":258,"column":8},"end":{"line":286,"column":9},"skip":true},"57":{"start":{"line":259,"column":12},"end":{"line":269,"column":14},"skip":true},"58":{"start":{"line":271,"column":12},"end":{"line":285,"column":19},"skip":true},"59":{"start":{"line":274,"column":20},"end":{"line":274,"column":35},"skip":true},"60":{"start":{"line":275,"column":20},"end":{"line":284,"column":21},"skip":true},"61":{"start":{"line":277,"column":24},"end":{"line":277,"column":64},"skip":true},"62":{"start":{"line":279,"column":24},"end":{"line":279,"column":40},"skip":true},"63":{"start":{"line":281,"column":24},"end":{"line":281,"column":40},"skip":true},"64":{"start":{"line":283,"column":24},"end":{"line":283,"column":39},"skip":true},"65":{"start":{"line":288,"column":8},"end":{"line":290,"column":9},"skip":true},"66":{"start":{"line":289,"column":12},"end":{"line":289,"column":18},"skip":true},"67":{"start":{"line":291,"column":8},"end":{"line":293,"column":54},"skip":true},"68":{"start":{"line":296,"column":8},"end":{"line":301,"column":37},"skip":true},"69":{"start":{"line":303,"column":8},"end":{"line":303,"column":82},"skip":true},"70":{"start":{"line":306,"column":8},"end":{"line":308,"column":9},"skip":true},"71":{"start":{"line":307,"column":12},"end":{"line":307,"column":82},"skip":true},"72":{"start":{"line":310,"column":8},"end":{"line":312,"column":9},"skip":true},"73":{"start":{"line":311,"column":12},"end":{"line":311,"column":18},"skip":true},"74":{"start":{"line":313,"column":8},"end":{"line":313,"column":54},"skip":true},"75":{"start":{"line":314,"column":8},"end":{"line":314,"column":69},"skip":true},"76":{"start":{"line":315,"column":8},"end":{"line":323,"column":36},"skip":true},"77":{"start":{"line":316,"column":12},"end":{"line":316,"column":61},"skip":true},"78":{"start":{"line":317,"column":12},"end":{"line":320,"column":13},"skip":true},"79":{"start":{"line":318,"column":16},"end":{"line":318,"column":75},"skip":true},"80":{"start":{"line":319,"column":16},"end":{"line":319,"column":23},"skip":true},"81":{"start":{"line":321,"column":12},"end":{"line":321,"column":38},"skip":true},"82":{"start":{"line":322,"column":12},"end":{"line":322,"column":27},"skip":true},"83":{"start":{"line":324,"column":8},"end":{"line":324,"column":14},"skip":true}},"branchMap":{"1":{"line":39,"type":"binary-expr","locations":[{"start":{"line":39,"column":23},"end":{"line":39,"column":62}},{"start":{"line":40,"column":20},"end":{"line":40,"column":70}},{"start":{"line":41,"column":20},"end":{"line":41,"column":71}},{"start":{"line":42,"column":20},"end":{"line":42,"column":29}}]},"2":{"line":44,"type":"binary-expr","locations":[{"start":{"line":44,"column":23},"end":{"line":44,"column":37}},{"start":{"line":45,"column":20},"end":{"line":45,"column":61}},{"start":{"line":46,"column":20},"end":{"line":46,"column":70}},{"start":{"line":47,"column":20},"end":{"line":47,"column":26}}]},"3":{"line":51,"type":"cond-expr","locations":[{"start":{"line":52,"column":14},"end":{"line":52,"column":20}},{"start":{"line":53,"column":14},"end":{"line":53,"column":20}}]},"4":{"line":55,"type":"binary-expr","locations":[{"start":{"line":55,"column":16},"end":{"line":55,"column":44}},{"start":{"line":55,"column":49},"end":{"line":57,"column":43}}]},"5":{"line":55,"type":"cond-expr","locations":[{"start":{"line":56,"column":14},"end":{"line":56,"column":51}},{"start":{"line":57,"column":14},"end":{"line":57,"column":43}}]},"6":{"line":61,"type":"switch","locations":[{"start":{"line":68,"column":4},"end":{"line":150,"column":14},"skip":true},{"start":{"line":156,"column":4},"end":{"line":324,"column":14},"skip":true}]},"7":{"line":70,"type":"if","locations":[{"start":{"line":70,"column":12},"end":{"line":70,"column":12},"skip":true},{"start":{"line":70,"column":12},"end":{"line":70,"column":12},"skip":true}]},"8":{"line":70,"type":"binary-expr","locations":[{"start":{"line":70,"column":16},"end":{"line":70,"column":22},"skip":true},{"start":{"line":70,"column":27},"end":{"line":70,"column":32},"skip":true},{"start":{"line":71,"column":20},"end":{"line":71,"column":39},"skip":true},{"start":{"line":72,"column":20},"end":{"line":72,"column":49},"skip":true},{"start":{"line":73,"column":20},"end":{"line":73,"column":58},"skip":true},{"start":{"line":74,"column":20},"end":{"line":74,"column":69},"skip":true}]},"9":{"line":79,"type":"switch","locations":[{"start":{"line":80,"column":20},"end":{"line":80,"column":33},"skip":true},{"start":{"line":81,"column":20},"end":{"line":83,"column":30},"skip":true},{"start":{"line":84,"column":20},"end":{"line":85,"column":49},"skip":true}]},"10":{"line":89,"type":"switch","locations":[{"start":{"line":90,"column":12},"end":{"line":103,"column":22},"skip":true},{"start":{"line":105,"column":12},"end":{"line":106,"column":22},"skip":true}]},"11":{"line":89,"type":"binary-expr","locations":[{"start":{"line":89,"column":20},"end":{"line":89,"column":25},"skip":true},{"start":{"line":89,"column":29},"end":{"line":89,"column":48},"skip":true},{"start":{"line":89,"column":52},"end":{"line":89,"column":74},"skip":true}]},"12":{"line":92,"type":"if","locations":[{"start":{"line":92,"column":16},"end":{"line":92,"column":16},"skip":true},{"start":{"line":92,"column":16},"end":{"line":92,"column":16},"skip":true}]},"13":{"line":108,"type":"if","locations":[{"start":{"line":108,"column":12},"end":{"line":108,"column":12},"skip":true},{"start":{"line":108,"column":12},"end":{"line":108,"column":12},"skip":true}]},"14":{"line":108,"type":"binary-expr","locations":[{"start":{"line":108,"column":16},"end":{"line":108,"column":61},"skip":true},{"start":{"line":108,"column":66},"end":{"line":108,"column":72},"skip":true},{"start":{"line":108,"column":77},"end":{"line":108,"column":82},"skip":true},{"start":{"line":109,"column":20},"end":{"line":109,"column":39},"skip":true},{"start":{"line":110,"column":20},"end":{"line":110,"column":49},"skip":true},{"start":{"line":111,"column":20},"end":{"line":111,"column":58},"skip":true},{"start":{"line":112,"column":20},"end":{"line":112,"column":68},"skip":true}]},"15":{"line":129,"type":"if","locations":[{"start":{"line":129,"column":16},"end":{"line":129,"column":16},"skip":true},{"start":{"line":129,"column":16},"end":{"line":129,"column":16},"skip":true}]},"16":{"line":134,"type":"cond-expr","locations":[{"start":{"line":135,"column":26},"end":{"line":135,"column":29},"skip":true},{"start":{"line":136,"column":26},"end":{"line":136,"column":54},"skip":true}]},"17":{"line":164,"type":"binary-expr","locations":[{"start":{"line":164,"column":27},"end":{"line":164,"column":43},"skip":true},{"start":{"line":164,"column":47},"end":{"line":164,"column":49},"skip":true}]},"18":{"line":258,"type":"if","locations":[{"start":{"line":258,"column":8},"end":{"line":258,"column":8},"skip":true},{"start":{"line":258,"column":8},"end":{"line":258,"column":8},"skip":true}]},"19":{"line":275,"type":"switch","locations":[{"start":{"line":276,"column":20},"end":{"line":277,"column":64},"skip":true},{"start":{"line":278,"column":20},"end":{"line":279,"column":40},"skip":true},{"start":{"line":280,"column":20},"end":{"line":281,"column":40},"skip":true},{"start":{"line":282,"column":20},"end":{"line":283,"column":39},"skip":true}]},"20":{"line":288,"type":"if","locations":[{"start":{"line":288,"column":8},"end":{"line":288,"column":8},"skip":true},{"start":{"line":288,"column":8},"end":{"line":288,"column":8},"skip":true}]},"21":{"line":288,"type":"binary-expr","locations":[{"start":{"line":288,"column":12},"end":{"line":288,"column":40},"skip":true},{"start":{"line":288,"column":44},"end":{"line":288,"column":67},"skip":true}]},"22":{"line":292,"type":"binary-expr","locations":[{"start":{"line":292,"column":12},"end":{"line":292,"column":50},"skip":true},{"start":{"line":293,"column":12},"end":{"line":293,"column":53},"skip":true}]},"23":{"line":297,"type":"binary-expr","locations":[{"start":{"line":297,"column":12},"end":{"line":297,"column":65},"skip":true},{"start":{"line":298,"column":12},"end":{"line":301,"column":36},"skip":true}]},"24":{"line":303,"type":"binary-expr","locations":[{"start":{"line":303,"column":43},"end":{"line":303,"column":75},"skip":true},{"start":{"line":303,"column":79},"end":{"line":303,"column":81},"skip":true}]},"25":{"line":306,"type":"if","locations":[{"start":{"line":306,"column":8},"end":{"line":306,"column":8},"skip":true},{"start":{"line":306,"column":8},"end":{"line":306,"column":8},"skip":true}]},"26":{"line":310,"type":"if","locations":[{"start":{"line":310,"column":8},"end":{"line":310,"column":8},"skip":true},{"start":{"line":310,"column":8},"end":{"line":310,"column":8},"skip":true}]},"27":{"line":313,"type":"binary-expr","locations":[{"start":{"line":313,"column":27},"end":{"line":313,"column":43},"skip":true},{"start":{"line":313,"column":47},"end":{"line":313,"column":53},"skip":true}]},"28":{"line":317,"type":"if","locations":[{"start":{"line":317,"column":12},"end":{"line":317,"column":12},"skip":true},{"start":{"line":317,"column":12},"end":{"line":317,"column":12},"skip":true}]}},"code":["/*","example.js","","quickstart example","","instruction","    1. save this script as example.js","    2. run the shell command:","        $ npm install npmtest-shelljs && PORT=8081 node example.js","    3. play with the browser-demo on http://127.0.0.1:8081","*/","","","","/* istanbul instrument in package npmtest_shelljs */","/*jslint","    bitwise: true,","    browser: true,","    maxerr: 8,","    maxlen: 96,","    node: true,","    nomen: true,","    regexp: true,","    stupid: true","*/","(function () {","    'use strict';","    var local;","","","","    // run shared js-env code - init-before","    (function () {","        // init local","        local = {};","        // init modeJs","        local.modeJs = (function () {","            try {","                return typeof navigator.userAgent === 'string' &&","                    typeof document.querySelector('body') === 'object' &&","                    typeof XMLHttpRequest.prototype.open === 'function' &&","                    'browser';","            } catch (errorCaughtBrowser) {","                return module.exports &&","                    typeof process.versions.node === 'string' &&","                    typeof require('http').createServer === 'function' &&","                    'node';","            }","        }());","        // init global","        local.global = local.modeJs === 'browser'","            ? window","            : global;","        // init utility2_rollup","        local = local.global.utility2_rollup || (local.modeJs === 'browser'","            ? local.global.utility2_npmtest_shelljs","            : global.utility2_moduleExports);","        // export local","        local.global.local = local;","    }());","    switch (local.modeJs) {","","","","    // init-after","    // run browser js-env code - init-after","    /* istanbul ignore next */","    case 'browser':","        local.testRunBrowser = function (event) {","            if (!event || (event &&","                    event.currentTarget &&","                    event.currentTarget.className &&","                    event.currentTarget.className.includes &&","                    event.currentTarget.className.includes('onreset'))) {","                // reset output","                Array.from(","                    document.querySelectorAll('body > .resettable')","                ).forEach(function (element) {","                    switch (element.tagName) {","                    case 'INPUT':","                    case 'TEXTAREA':","                        element.value = '';","                        break;","                    default:","                        element.textContent = '';","                    }","                });","            }","            switch (event && event.currentTarget && event.currentTarget.id) {","            case 'testRunButton1':","                // show tests","                if (document.querySelector('#testReportDiv1').style.display === 'none') {","                    document.querySelector('#testReportDiv1').style.display = 'block';","                    document.querySelector('#testRunButton1').textContent =","                        'hide internal test';","                    local.modeTest = true;","                    local.testRunDefault(local);","                // hide tests","                } else {","                    document.querySelector('#testReportDiv1').style.display = 'none';","                    document.querySelector('#testRunButton1').textContent = 'run internal test';","                }","                break;","            // custom-case","            default:","                break;","            }","            if (document.querySelector('#inputTextareaEval1') && (!event || (event &&","                    event.currentTarget &&","                    event.currentTarget.className &&","                    event.currentTarget.className.includes &&","                    event.currentTarget.className.includes('oneval')))) {","                // try to eval input-code","                try {","                    /*jslint evil: true*/","                    eval(document.querySelector('#inputTextareaEval1').value);","                } catch (errorCaught) {","                    console.error(errorCaught);","                }","            }","        };","        // log stderr and stdout to #outputTextareaStdout1","        ['error', 'log'].forEach(function (key) {","            console[key + '_original'] = console[key];","            console[key] = function () {","                var element;","                console[key + '_original'].apply(console, arguments);","                element = document.querySelector('#outputTextareaStdout1');","                if (!element) {","                    return;","                }","                // append text to #outputTextareaStdout1","                element.value += Array.from(arguments).map(function (arg) {","                    return typeof arg === 'string'","                        ? arg","                        : JSON.stringify(arg, null, 4);","                }).join(' ') + '\\n';","                // scroll textarea to bottom","                element.scrollTop = element.scrollHeight;","            };","        });","        // init event-handling","        ['change', 'click', 'keyup'].forEach(function (event) {","            Array.from(document.querySelectorAll('.on' + event)).forEach(function (element) {","                element.addEventListener(event, local.testRunBrowser);","            });","        });","        // run tests","        local.testRunBrowser();","        break;","","","","    // run node js-env code - init-after","    /* istanbul ignore next */","    case 'node':","        // export local","        module.exports = local;","        // require modules","        local.fs = require('fs');","        local.http = require('http');","        local.url = require('url');","        // init assets","        local.assetsDict = local.assetsDict || {};","        /* jslint-ignore-begin */","        local.assetsDict['/assets.index.template.html'] = '\\","<!doctype html>\\n\\","<html lang=\"en\">\\n\\","<head>\\n\\","<meta charset=\"UTF-8\">\\n\\","<meta name=\"viewport\" content=\"width=device-width, initial-scale=1\">\\n\\","<title>{{env.npm_package_name}} (v{{env.npm_package_version}})</title>\\n\\","<style>\\n\\","/*csslint\\n\\","    box-sizing: false,\\n\\","    universal-selector: false\\n\\","*/\\n\\","* {\\n\\","    box-sizing: border-box;\\n\\","}\\n\\","body {\\n\\","    background: #dde;\\n\\","    font-family: Arial, Helvetica, sans-serif;\\n\\","    margin: 2rem;\\n\\","}\\n\\","body > * {\\n\\","    margin-bottom: 1rem;\\n\\","}\\n\\",".utility2FooterDiv {\\n\\","    margin-top: 20px;\\n\\","    text-align: center;\\n\\","}\\n\\","</style>\\n\\","<style>\\n\\","/*csslint\\n\\","*/\\n\\","textarea {\\n\\","    font-family: monospace;\\n\\","    height: 10rem;\\n\\","    width: 100%;\\n\\","}\\n\\","textarea[readonly] {\\n\\","    background: #ddd;\\n\\","}\\n\\","</style>\\n\\","</head>\\n\\","<body>\\n\\","<!-- utility2-comment\\n\\","<div id=\"ajaxProgressDiv1\" style=\"background: #d00; height: 2px; left: 0; margin: 0; padding: 0; position: fixed; top: 0; transition: background 0.5s, width 1.5s; width: 25%;\"></div>\\n\\","utility2-comment -->\\n\\","<h1>\\n\\","<!-- utility2-comment\\n\\","    <a\\n\\","        {{#if env.npm_package_homepage}}\\n\\","        href=\"{{env.npm_package_homepage}}\"\\n\\","        {{/if env.npm_package_homepage}}\\n\\","        target=\"_blank\"\\n\\","    >\\n\\","utility2-comment -->\\n\\","        {{env.npm_package_name}} (v{{env.npm_package_version}})\\n\\","<!-- utility2-comment\\n\\","    </a>\\n\\","utility2-comment -->\\n\\","</h1>\\n\\","<h3>{{env.npm_package_description}}</h3>\\n\\","<!-- utility2-comment\\n\\","<h4><a download href=\"assets.app.js\">download standalone app</a></h4>\\n\\","<button class=\"onclick onreset\" id=\"testRunButton1\">run internal test</button><br>\\n\\","<div id=\"testReportDiv1\" style=\"display: none;\"></div>\\n\\","utility2-comment -->\\n\\","\\n\\","\\n\\","\\n\\","<label>stderr and stdout</label>\\n\\","<textarea class=\"resettable\" id=\"outputTextareaStdout1\" readonly></textarea>\\n\\","<!-- utility2-comment\\n\\","{{#if isRollup}}\\n\\","<script src=\"assets.app.js\"></script>\\n\\","{{#unless isRollup}}\\n\\","utility2-comment -->\\n\\","<script src=\"assets.utility2.rollup.js\"></script>\\n\\","<script src=\"jsonp.utility2._stateInit?callback=window.utility2._stateInit\"></script>\\n\\","<script src=\"assets.npmtest_shelljs.rollup.js\"></script>\\n\\","<script src=\"assets.example.js\"></script>\\n\\","<script src=\"assets.test.js\"></script>\\n\\","<!-- utility2-comment\\n\\","{{/if isRollup}}\\n\\","utility2-comment -->\\n\\","<div class=\"utility2FooterDiv\">\\n\\","    [ this app was created with\\n\\","    <a href=\"https://github.com/kaizhu256/node-utility2\" target=\"_blank\">utility2</a>\\n\\","    ]\\n\\","</div>\\n\\","</body>\\n\\","</html>\\n\\","';","        /* jslint-ignore-end */","        if (local.templateRender) {","            local.assetsDict['/'] = local.templateRender(","                local.assetsDict['/assets.index.template.html'],","                {","                    env: local.objectSetDefault(local.env, {","                        npm_package_description: 'the greatest app in the world!',","                        npm_package_name: 'my-app',","                        npm_package_nameAlias: 'my_app',","                        npm_package_version: '0.0.1'","                    })","                }","            );","        } else {","            local.assetsDict['/'] = local.assetsDict['/assets.index.template.html']","                .replace((/\\{\\{env\\.(\\w+?)\\}\\}/g), function (match0, match1) {","                    // jslint-hack","                    String(match0);","                    switch (match1) {","                    case 'npm_package_description':","                        return 'the greatest app in the world!';","                    case 'npm_package_name':","                        return 'my-app';","                    case 'npm_package_nameAlias':","                        return 'my_app';","                    case 'npm_package_version':","                        return '0.0.1';","                    }","                });","        }","        // run the cli","        if (local.global.utility2_rollup || module !== require.main) {","            break;","        }","        local.assetsDict['/assets.example.js'] =","            local.assetsDict['/assets.example.js'] ||","            local.fs.readFileSync(__filename, 'utf8');","        // bug-workaround - long $npm_package_buildCustomOrg","        /* jslint-ignore-begin */","        local.assetsDict['/assets.npmtest_shelljs.rollup.js'] =","            local.assetsDict['/assets.npmtest_shelljs.rollup.js'] ||","            local.fs.readFileSync(","                local.npmtest_shelljs.__dirname + '/lib.npmtest_shelljs.js',","                'utf8'","            ).replace((/^#!/), '//');","        /* jslint-ignore-end */","        local.assetsDict['/favicon.ico'] = local.assetsDict['/favicon.ico'] || '';","        // if $npm_config_timeout_exit exists,","        // then exit this process after $npm_config_timeout_exit ms","        if (Number(process.env.npm_config_timeout_exit)) {","            setTimeout(process.exit, Number(process.env.npm_config_timeout_exit));","        }","        // start server","        if (local.global.utility2_serverHttp1) {","            break;","        }","        process.env.PORT = process.env.PORT || '8081';","        console.error('server starting on port ' + process.env.PORT);","        local.http.createServer(function (request, response) {","            request.urlParsed = local.url.parse(request.url);","            if (local.assetsDict[request.urlParsed.pathname] !== undefined) {","                response.end(local.assetsDict[request.urlParsed.pathname]);","                return;","            }","            response.statusCode = 404;","            response.end();","        }).listen(process.env.PORT);","        break;","    }","}());",""],"l":{"26":2,"28":2,"33":2,"35":2,"37":2,"38":2,"39":2,"44":1,"51":2,"55":2,"59":2,"61":2,"69":1,"70":2,"76":2,"79":2,"82":2,"83":2,"85":1,"89":2,"92":1,"93":1,"94":1,"96":1,"97":1,"100":1,"101":1,"103":1,"106":1,"108":2,"114":1,"116":1,"118":1,"123":1,"124":2,"125":2,"126":3,"127":3,"128":3,"129":3,"130":1,"133":3,"134":3,"139":3,"143":1,"144":3,"145":1,"149":1,"150":1,"158":1,"160":1,"161":1,"162":1,"164":1,"166":1,"258":1,"259":1,"271":1,"274":6,"275":6,"277":1,"279":2,"281":1,"283":2,"288":1,"289":1,"291":1,"296":1,"303":1,"306":1,"307":1,"310":1,"311":1,"313":1,"314":1,"315":1,"316":1,"317":1,"318":1,"319":1,"321":1,"322":1,"324":1}},"/home/travis/build/npmtest/node-npmtest-shelljs/node_modules/shelljs/shell.js":{"path":"/home/travis/build/npmtest/node-npmtest-shelljs/node_modules/shelljs/shell.js","s":{"1":1,"2":1,"3":27,"4":1,"5":1,"6":1,"7":1,"8":1},"b":{},"f":{"1":27},"fnMap":{"1":{"name":"(anonymous_1)","line":24,"loc":{"start":{"line":24,"column":30},"end":{"line":24,"column":49}}}},"statementMap":{"1":{"start":{"line":9,"column":0},"end":{"line":9,"column":37}},"2":{"start":{"line":24,"column":0},"end":{"line":26,"column":3}},"3":{"start":{"line":25,"column":2},"end":{"line":25,"column":30}},"4":{"start":{"line":31,"column":0},"end":{"line":31,"column":28}},"5":{"start":{"line":34,"column":0},"end":{"line":34,"column":39}},"6":{"start":{"line":37,"column":0},"end":{"line":37,"column":41}},"7":{"start":{"line":43,"column":0},"end":{"line":43,"column":26}},"8":{"start":{"line":64,"column":0},"end":{"line":64,"column":31}}},"branchMap":{},"code":["//","// ShellJS","// Unix shell commands on top of Node's API","//","// Copyright (c) 2012 Artur Adib","// http://github.com/shelljs/shelljs","//","","var common = require('./src/common');","","//@","//@ All commands run synchronously, unless otherwise stated.","//@ All commands accept standard bash globbing characters (`*`, `?`, etc.),","//@ compatible with the [node glob module](https://github.com/isaacs/node-glob).","//@","//@ For less-commonly used commands and features, please check out our [wiki","//@ page](https://github.com/shelljs/shelljs/wiki).","//@","","// Include the docs for all the default commands","//@commands","","// Load all default commands","require('./commands').forEach(function (command) {","  require('./src/' + command);","});","","//@","//@ ### exit(code)","//@ Exits the current process with the given exit code.","exports.exit = process.exit;","","//@include ./src/error","exports.error = require('./src/error');","","//@include ./src/common","exports.ShellString = common.ShellString;","","//@","//@ ### env['VAR_NAME']","//@ Object containing environment variables (both getter and setter). Shortcut","//@ to process.env.","exports.env = process.env;","","//@","//@ ### Pipes","//@","//@ Examples:","//@","//@ ```javascript","//@ grep('foo', 'file1.txt', 'file2.txt').sed(/o/g, 'a').to('output.txt');","//@ echo('files with o\\'s in the name:\\n' + ls().grep('o'));","//@ cat('test.js').exec('node'); // pipe to exec() call","//@ ```","//@","//@ Commands can send their output to another command in a pipe-like fashion.","//@ `sed`, `grep`, `cat`, `exec`, `to`, and `toEnd` can appear on the right-hand","//@ side of a pipe. Pipes can be chained.","","//@","//@ ## Configuration","//@","","exports.config = common.config;","","//@","//@ ### config.silent","//@","//@ Example:","//@","//@ ```javascript","//@ var sh = require('shelljs');","//@ var silentState = sh.config.silent; // save old silent state","//@ sh.config.silent = true;","//@ /* ... */","//@ sh.config.silent = silentState; // restore old silent state","//@ ```","//@","//@ Suppresses all command output if `true`, except for `echo()` calls.","//@ Default is `false`.","","//@","//@ ### config.fatal","//@","//@ Example:","//@","//@ ```javascript","//@ require('shelljs/global');","//@ config.fatal = true; // or set('-e');","//@ cp('this_file_does_not_exist', '/dev/null'); // throws Error here","//@ /* more commands... */","//@ ```","//@","//@ If `true` the script will throw a Javascript error when any shell.js","//@ command encounters an error. Default is `false`. This is analogous to","//@ Bash's `set -e`","","//@","//@ ### config.verbose","//@","//@ Example:","//@","//@ ```javascript","//@ config.verbose = true; // or set('-v');","//@ cd('dir/');","//@ ls('subdir/');","//@ ```","//@","//@ Will print each command as follows:","//@","//@ ```","//@ cd dir/","//@ ls subdir/","//@ ```","","//@","//@ ### config.globOptions","//@","//@ Example:","//@","//@ ```javascript","//@ config.globOptions = {nodir: true};","//@ ```","//@","//@ Use this value for calls to `glob.sync()` instead of the default options.","","//@","//@ ### config.reset()","//@","//@ Example:","//@","//@ ```javascript","//@ var shell = require('shelljs');","//@ // Make changes to shell.config, and do stuff...","//@ /* ... */","//@ shell.config.reset(); // reset to original state","//@ // Do more stuff, but with original settings","//@ /* ... */","//@ ```","//@","//@ Reset shell.config to the defaults:","//@","//@ ```javascript","//@ {","//@   fatal: false,","//@   globOptions: {},","//@   maxdepth: 255,","//@   noglob: false,","//@   silent: false,","//@   verbose: false,","//@ }","//@ ```",""],"l":{"9":1,"24":1,"25":27,"31":1,"34":1,"37":1,"43":1,"64":1}},"/home/travis/build/npmtest/node-npmtest-shelljs/node_modules/shelljs/src/common.js":{"path":"/home/travis/build/npmtest/node-npmtest-shelljs/node_modules/shelljs/src/common.js","s":{"1":1,"2":1,"3":1,"4":1,"5":1,"6":1,"7":0,"8":0,"9":0,"10":0,"11":0,"12":1,"13":1,"14":1,"15":1,"16":1,"17":1,"18":1,"19":0,"20":0,"21":1,"22":1,"23":1,"24":1,"25":1,"26":1,"27":1,"28":1,"29":1,"30":0,"31":1,"32":1,"33":0,"34":0,"35":1,"36":1,"37":0,"38":0,"39":0,"40":1,"41":1,"42":0,"43":0,"44":0,"45":0,"46":0,"47":0,"48":0,"49":0,"50":0,"51":0,"52":0,"53":0,"54":0,"55":0,"56":0,"57":0,"58":0,"59":0,"60":0,"61":0,"62":0,"63":0,"64":0,"65":1,"66":1,"67":0,"68":0,"69":0,"70":0,"71":0,"72":0,"73":0,"74":0,"75":0,"76":0,"77":0,"78":0,"79":0,"80":1,"81":1,"82":0,"83":0,"84":0,"85":0,"86":0,"87":1,"88":1,"89":0,"90":0,"91":0,"92":0,"93":0,"94":0,"95":0,"96":0,"97":0,"98":0,"99":0,"100":0,"101":0,"102":0,"103":0,"104":0,"105":0,"106":0,"107":0,"108":0,"109":0,"110":0,"111":0,"112":0,"113":0,"114":0,"115":0,"116":0,"117":0,"118":0,"119":0,"120":1,"121":1,"122":0,"123":0,"124":0,"125":0,"126":0,"127":0,"128":0,"129":0,"130":0,"131":1,"132":1,"133":0,"134":0,"135":0,"136":0,"137":0,"138":0,"139":1,"140":1,"141":1,"142":0,"143":0,"144":0,"145":0,"146":0,"147":0,"148":0,"149":1,"150":1,"151":31,"152":31,"153":10,"154":31,"155":0,"156":0,"157":0,"158":0,"159":0,"160":0,"161":0,"162":0,"163":0,"164":0,"165":0,"166":0,"167":0,"168":0,"169":0,"170":0,"171":0,"172":0,"173":0,"174":0,"175":0,"176":0,"177":0,"178":0,"179":0,"180":0,"181":0,"182":0,"183":0,"184":0,"185":0,"186":0,"187":0,"188":0,"189":0,"190":0,"191":0,"192":0,"193":0,"194":0,"195":0,"196":0,"197":0,"198":0,"199":0,"200":0,"201":0,"202":1,"203":1,"204":0,"205":1,"206":1,"207":1,"208":29,"209":29,"210":29,"211":0,"212":29,"213":2,"214":2,"215":27,"216":1},"b":{"1":[1,0],"2":[1,0],"3":[0,1],"4":[0,0],"5":[0,0],"6":[0,0],"7":[0,0],"8":[0,0],"9":[0,0],"10":[0,0],"11":[0,0],"12":[0,0],"13":[0,0],"14":[0,0],"15":[0,0],"16":[0,0],"17":[0,0],"18":[0,0],"19":[0,0],"20":[0,0],"21":[0,0],"22":[0,0],"23":[0,0],"24":[0,0],"25":[0,0],"26":[0,0],"27":[0,0],"28":[0,0],"29":[0,0],"30":[0,0],"31":[0,0],"32":[0,0],"33":[0,0],"34":[0,0],"35":[0,0],"36":[0,0],"37":[0,0],"38":[0,0],"39":[0,0],"40":[0,0],"41":[0,0],"42":[0,0],"43":[31,2],"44":[10,21],"45":[0,0],"46":[0,0],"47":[0,0],"48":[0,0],"49":[0,0],"50":[0,0],"51":[0,0],"52":[0,0,0,0],"53":[0,0],"54":[0,0],"55":[0,0],"56":[0,0],"57":[0,0,0],"58":[0,0],"59":[0,0],"60":[0,0],"61":[0,0],"62":[0,0],"63":[0,0],"64":[0,0],"65":[0,0],"66":[0,0,0],"67":[29,0],"68":[0,29],"69":[29,0],"70":[2,27]},"f":{"1":0,"2":0,"3":0,"4":1,"5":0,"6":0,"7":0,"8":0,"9":0,"10":0,"11":0,"12":0,"13":0,"14":0,"15":0,"16":0,"17":0,"18":0,"19":0,"20":0,"21":0,"22":31,"23":0,"24":0,"25":0,"26":0,"27":0,"28":29},"fnMap":{"1":{"name":"objectAssign","line":17,"loc":{"start":{"line":17,"column":2},"end":{"line":17,"column":32}}},"2":{"name":"(anonymous_2)","line":19,"loc":{"start":{"line":19,"column":20},"end":{"line":19,"column":38}}},"3":{"name":"(anonymous_3)","line":20,"loc":{"start":{"line":20,"column":34},"end":{"line":20,"column":49}}},"4":{"name":"(anonymous_4)","line":44,"loc":{"start":{"line":44,"column":9},"end":{"line":44,"column":21}}},"5":{"name":"(anonymous_5)","line":50,"loc":{"start":{"line":50,"column":19},"end":{"line":50,"column":31}}},"6":{"name":"isObject","line":76,"loc":{"start":{"line":76,"column":0},"end":{"line":76,"column":21}}},"7":{"name":"log","line":81,"loc":{"start":{"line":81,"column":0},"end":{"line":81,"column":15}}},"8":{"name":"convertErrorOutput","line":92,"loc":{"start":{"line":92,"column":0},"end":{"line":92,"column":33}}},"9":{"name":"error","line":101,"loc":{"start":{"line":101,"column":0},"end":{"line":101,"column":36}}},"10":{"name":"ShellString","line":153,"loc":{"start":{"line":153,"column":0},"end":{"line":153,"column":43}}},"11":{"name":"(anonymous_11)","line":167,"loc":{"start":{"line":167,"column":22},"end":{"line":167,"column":37}}},"12":{"name":"getUserHome","line":177,"loc":{"start":{"line":177,"column":0},"end":{"line":177,"column":23}}},"13":{"name":"parseOptions","line":192,"loc":{"start":{"line":192,"column":0},"end":{"line":192,"column":46}}},"14":{"name":"(anonymous_14)","line":204,"loc":{"start":{"line":204,"column":27},"end":{"line":204,"column":45}}},"15":{"name":"(anonymous_15)","line":221,"loc":{"start":{"line":221,"column":18},"end":{"line":221,"column":31}}},"16":{"name":"(anonymous_16)","line":234,"loc":{"start":{"line":234,"column":29},"end":{"line":234,"column":44}}},"17":{"name":"expand","line":253,"loc":{"start":{"line":253,"column":0},"end":{"line":253,"column":22}}},"18":{"name":"(anonymous_18)","line":258,"loc":{"start":{"line":258,"column":15},"end":{"line":258,"column":33}}},"19":{"name":"unlinkSync","line":274,"loc":{"start":{"line":274,"column":0},"end":{"line":274,"column":26}}},"20":{"name":"randomFileName","line":291,"loc":{"start":{"line":291,"column":0},"end":{"line":291,"column":26}}},"21":{"name":"randomHash","line":292,"loc":{"start":{"line":292,"column":2},"end":{"line":292,"column":29}}},"22":{"name":"wrap","line":309,"loc":{"start":{"line":309,"column":0},"end":{"line":309,"column":32}}},"23":{"name":"(anonymous_23)","line":314,"loc":{"start":{"line":314,"column":9},"end":{"line":314,"column":21}}},"24":{"name":"(anonymous_24)","line":346,"loc":{"start":{"line":346,"column":27},"end":{"line":346,"column":49}}},"25":{"name":"(anonymous_25)","line":355,"loc":{"start":{"line":355,"column":24},"end":{"line":355,"column":39}}},"26":{"name":"(anonymous_26)","line":364,"loc":{"start":{"line":364,"column":24},"end":{"line":364,"column":39}}},"27":{"name":"_readFromPipe","line":417,"loc":{"start":{"line":417,"column":0},"end":{"line":417,"column":25}}},"28":{"name":"_register","line":434,"loc":{"start":{"line":434,"column":0},"end":{"line":434,"column":54}}}},"statementMap":{"1":{"start":{"line":5,"column":0},"end":{"line":5,"column":23}},"2":{"start":{"line":6,"column":0},"end":{"line":6,"column":23}},"3":{"start":{"line":7,"column":0},"end":{"line":7,"column":27}},"4":{"start":{"line":8,"column":0},"end":{"line":8,"column":26}},"5":{"start":{"line":10,"column":0},"end":{"line":10,"column":40}},"6":{"start":{"line":15,"column":0},"end":{"line":26,"column":4}},"7":{"start":{"line":18,"column":4},"end":{"line":18,"column":46}},"8":{"start":{"line":19,"column":4},"end":{"line":23,"column":7}},"9":{"start":{"line":20,"column":6},"end":{"line":22,"column":9}},"10":{"start":{"line":21,"column":8},"end":{"line":21,"column":34}},"11":{"start":{"line":25,"column":4},"end":{"line":25,"column":18}},"12":{"start":{"line":27,"column":0},"end":{"line":27,"column":30}},"13":{"start":{"line":30,"column":0},"end":{"line":30,"column":52}},"14":{"start":{"line":33,"column":0},"end":{"line":41,"column":2}},"15":{"start":{"line":43,"column":0},"end":{"line":54,"column":2}},"16":{"start":{"line":45,"column":4},"end":{"line":45,"column":39}},"17":{"start":{"line":46,"column":4},"end":{"line":48,"column":5}},"18":{"start":{"line":47,"column":6},"end":{"line":47,"column":39}},"19":{"start":{"line":51,"column":4},"end":{"line":51,"column":17}},"20":{"start":{"line":52,"column":4},"end":{"line":52,"column":23}},"21":{"start":{"line":56,"column":0},"end":{"line":56,"column":15}},"22":{"start":{"line":57,"column":0},"end":{"line":57,"column":24}},"23":{"start":{"line":59,"column":0},"end":{"line":64,"column":2}},"24":{"start":{"line":65,"column":0},"end":{"line":65,"column":22}},"25":{"start":{"line":67,"column":0},"end":{"line":67,"column":26}},"26":{"start":{"line":69,"column":0},"end":{"line":69,"column":56}},"27":{"start":{"line":70,"column":0},"end":{"line":70,"column":28}},"28":{"start":{"line":73,"column":0},"end":{"line":73,"column":21}},"29":{"start":{"line":76,"column":0},"end":{"line":78,"column":1}},"30":{"start":{"line":77,"column":2},"end":{"line":77,"column":45}},"31":{"start":{"line":79,"column":0},"end":{"line":79,"column":28}},"32":{"start":{"line":81,"column":0},"end":{"line":86,"column":1}},"33":{"start":{"line":83,"column":2},"end":{"line":85,"column":3},"skip":true},"34":{"start":{"line":84,"column":4},"end":{"line":84,"column":44},"skip":true},"35":{"start":{"line":87,"column":0},"end":{"line":87,"column":18}},"36":{"start":{"line":92,"column":0},"end":{"line":97,"column":1}},"37":{"start":{"line":93,"column":2},"end":{"line":95,"column":3}},"38":{"start":{"line":94,"column":4},"end":{"line":94,"column":50}},"39":{"start":{"line":96,"column":2},"end":{"line":96,"column":33}},"40":{"start":{"line":98,"column":0},"end":{"line":98,"column":48}},"41":{"start":{"line":101,"column":0},"end":{"line":139,"column":1}},"42":{"start":{"line":103,"column":2},"end":{"line":103,"column":71}},"43":{"start":{"line":103,"column":31},"end":{"line":103,"column":71}},"44":{"start":{"line":105,"column":2},"end":{"line":110,"column":4}},"45":{"start":{"line":112,"column":2},"end":{"line":120,"column":3}},"46":{"start":{"line":113,"column":4},"end":{"line":113,"column":25}},"47":{"start":{"line":114,"column":9},"end":{"line":120,"column":3}},"48":{"start":{"line":115,"column":4},"end":{"line":115,"column":20}},"49":{"start":{"line":116,"column":9},"end":{"line":120,"column":3}},"50":{"start":{"line":117,"column":4},"end":{"line":117,"column":30}},"51":{"start":{"line":118,"column":9},"end":{"line":120,"column":3}},"52":{"start":{"line":119,"column":4},"end":{"line":119,"column":17}},"53":{"start":{"line":121,"column":2},"end":{"line":121,"column":55}},"54":{"start":{"line":123,"column":2},"end":{"line":123,"column":55}},"55":{"start":{"line":123,"column":24},"end":{"line":123,"column":55}},"56":{"start":{"line":125,"column":2},"end":{"line":125,"column":58}},"57":{"start":{"line":126,"column":2},"end":{"line":126,"column":54}},"58":{"start":{"line":127,"column":2},"end":{"line":127,"column":26}},"59":{"start":{"line":130,"column":2},"end":{"line":130,"column":46}},"60":{"start":{"line":130,"column":20},"end":{"line":130,"column":46}},"61":{"start":{"line":131,"column":2},"end":{"line":131,"column":55}},"62":{"start":{"line":131,"column":41},"end":{"line":131,"column":55}},"63":{"start":{"line":133,"column":2},"end":{"line":138,"column":3}},"64":{"start":{"line":134,"column":4},"end":{"line":137,"column":6}},"65":{"start":{"line":140,"column":0},"end":{"line":140,"column":22}},"66":{"start":{"line":153,"column":0},"end":{"line":171,"column":1}},"67":{"start":{"line":154,"column":2},"end":{"line":154,"column":11}},"68":{"start":{"line":155,"column":2},"end":{"line":162,"column":3}},"69":{"start":{"line":156,"column":4},"end":{"line":156,"column":18}},"70":{"start":{"line":157,"column":4},"end":{"line":157,"column":36}},"71":{"start":{"line":158,"column":4},"end":{"line":158,"column":47}},"72":{"start":{"line":158,"column":27},"end":{"line":158,"column":47}},"73":{"start":{"line":160,"column":4},"end":{"line":160,"column":30}},"74":{"start":{"line":161,"column":4},"end":{"line":161,"column":25}},"75":{"start":{"line":163,"column":2},"end":{"line":163,"column":23}},"76":{"start":{"line":164,"column":2},"end":{"line":164,"column":19}},"77":{"start":{"line":167,"column":2},"end":{"line":169,"column":5}},"78":{"start":{"line":168,"column":4},"end":{"line":168,"column":45}},"79":{"start":{"line":170,"column":2},"end":{"line":170,"column":14}},"80":{"start":{"line":173,"column":0},"end":{"line":173,"column":34}},"81":{"start":{"line":177,"column":0},"end":{"line":185,"column":1}},"82":{"start":{"line":178,"column":2},"end":{"line":178,"column":13}},"83":{"start":{"line":179,"column":2},"end":{"line":183,"column":3}},"84":{"start":{"line":180,"column":4},"end":{"line":180,"column":26}},"85":{"start":{"line":182,"column":4},"end":{"line":182,"column":82}},"86":{"start":{"line":184,"column":2},"end":{"line":184,"column":16}},"87":{"start":{"line":186,"column":0},"end":{"line":186,"column":34}},"88":{"start":{"line":192,"column":0},"end":{"line":246,"column":1}},"89":{"start":{"line":194,"column":2},"end":{"line":200,"column":3}},"90":{"start":{"line":195,"column":4},"end":{"line":195,"column":66}},"91":{"start":{"line":196,"column":9},"end":{"line":200,"column":3}},"92":{"start":{"line":197,"column":4},"end":{"line":197,"column":76}},"93":{"start":{"line":198,"column":9},"end":{"line":200,"column":3}},"94":{"start":{"line":199,"column":4},"end":{"line":199,"column":82}},"95":{"start":{"line":203,"column":2},"end":{"line":203,"column":19}},"96":{"start":{"line":204,"column":2},"end":{"line":209,"column":5}},"97":{"start":{"line":205,"column":4},"end":{"line":205,"column":30}},"98":{"start":{"line":206,"column":4},"end":{"line":208,"column":5}},"99":{"start":{"line":207,"column":6},"end":{"line":207,"column":31}},"100":{"start":{"line":211,"column":2},"end":{"line":211,"column":33}},"101":{"start":{"line":211,"column":18},"end":{"line":211,"column":33}},"102":{"start":{"line":213,"column":2},"end":{"line":244,"column":3}},"103":{"start":{"line":214,"column":4},"end":{"line":216,"column":5}},"104":{"start":{"line":215,"column":6},"end":{"line":215,"column":72}},"105":{"start":{"line":219,"column":4},"end":{"line":219,"column":39}},"106":{"start":{"line":221,"column":4},"end":{"line":232,"column":7}},"107":{"start":{"line":222,"column":6},"end":{"line":231,"column":7}},"108":{"start":{"line":223,"column":8},"end":{"line":223,"column":32}},"109":{"start":{"line":224,"column":8},"end":{"line":228,"column":9}},"110":{"start":{"line":225,"column":10},"end":{"line":225,"column":47}},"111":{"start":{"line":227,"column":10},"end":{"line":227,"column":37}},"112":{"start":{"line":230,"column":8},"end":{"line":230,"column":65}},"113":{"start":{"line":234,"column":4},"end":{"line":243,"column":7}},"114":{"start":{"line":236,"column":6},"end":{"line":236,"column":21}},"115":{"start":{"line":237,"column":6},"end":{"line":242,"column":7}},"116":{"start":{"line":238,"column":8},"end":{"line":238,"column":32}},"117":{"start":{"line":239,"column":8},"end":{"line":239,"column":39}},"118":{"start":{"line":241,"column":8},"end":{"line":241,"column":65}},"119":{"start":{"line":245,"column":2},"end":{"line":245,"column":17}},"120":{"start":{"line":247,"column":0},"end":{"line":247,"column":36}},"121":{"start":{"line":253,"column":0},"end":{"line":269,"column":1}},"122":{"start":{"line":254,"column":2},"end":{"line":256,"column":3}},"123":{"start":{"line":255,"column":4},"end":{"line":255,"column":44}},"124":{"start":{"line":257,"column":2},"end":{"line":257,"column":20}},"125":{"start":{"line":258,"column":2},"end":{"line":267,"column":5}},"126":{"start":{"line":260,"column":4},"end":{"line":266,"column":5}},"127":{"start":{"line":261,"column":6},"end":{"line":261,"column":28}},"128":{"start":{"line":263,"column":6},"end":{"line":263,"column":54}},"129":{"start":{"line":265,"column":6},"end":{"line":265,"column":66}},"130":{"start":{"line":268,"column":2},"end":{"line":268,"column":18}},"131":{"start":{"line":270,"column":0},"end":{"line":270,"column":24}},"132":{"start":{"line":274,"column":0},"end":{"line":287,"column":1}},"133":{"start":{"line":275,"column":2},"end":{"line":286,"column":3}},"134":{"start":{"line":276,"column":4},"end":{"line":276,"column":24}},"135":{"start":{"line":280,"column":4},"end":{"line":285,"column":5},"skip":true},"136":{"start":{"line":281,"column":6},"end":{"line":281,"column":33},"skip":true},"137":{"start":{"line":282,"column":6},"end":{"line":282,"column":26},"skip":true},"138":{"start":{"line":284,"column":6},"end":{"line":284,"column":14},"skip":true},"139":{"start":{"line":288,"column":0},"end":{"line":288,"column":32}},"140":{"start":{"line":291,"column":0},"end":{"line":304,"column":1}},"141":{"start":{"line":292,"column":2},"end":{"line":301,"column":3}},"142":{"start":{"line":293,"column":4},"end":{"line":295,"column":5}},"143":{"start":{"line":294,"column":6},"end":{"line":294,"column":59}},"144":{"start":{"line":296,"column":4},"end":{"line":296,"column":18}},"145":{"start":{"line":297,"column":4},"end":{"line":299,"column":5}},"146":{"start":{"line":298,"column":6},"end":{"line":298,"column":28}},"147":{"start":{"line":300,"column":4},"end":{"line":300,"column":16}},"148":{"start":{"line":303,"column":2},"end":{"line":303,"column":37}},"149":{"start":{"line":305,"column":0},"end":{"line":305,"column":40}},"150":{"start":{"line":309,"column":0},"end":{"line":412,"column":1}},"151":{"start":{"line":310,"column":2},"end":{"line":310,"column":26}},"152":{"start":{"line":311,"column":2},"end":{"line":313,"column":3}},"153":{"start":{"line":312,"column":4},"end":{"line":312,"column":26}},"154":{"start":{"line":314,"column":2},"end":{"line":411,"column":4}},"155":{"start":{"line":315,"column":4},"end":{"line":315,"column":24}},"156":{"start":{"line":317,"column":4},"end":{"line":317,"column":27}},"157":{"start":{"line":318,"column":4},"end":{"line":318,"column":23}},"158":{"start":{"line":319,"column":4},"end":{"line":319,"column":24}},"159":{"start":{"line":321,"column":4},"end":{"line":402,"column":5}},"160":{"start":{"line":322,"column":6},"end":{"line":322,"column":45}},"161":{"start":{"line":325,"column":6},"end":{"line":327,"column":7}},"162":{"start":{"line":326,"column":8},"end":{"line":326,"column":57}},"163":{"start":{"line":331,"column":6},"end":{"line":331,"column":86}},"164":{"start":{"line":333,"column":6},"end":{"line":392,"column":7}},"165":{"start":{"line":334,"column":8},"end":{"line":334,"column":40}},"166":{"start":{"line":336,"column":8},"end":{"line":340,"column":9}},"167":{"start":{"line":338,"column":15},"end":{"line":340,"column":9}},"168":{"start":{"line":339,"column":10},"end":{"line":339,"column":27}},"169":{"start":{"line":346,"column":8},"end":{"line":352,"column":15}},"170":{"start":{"line":347,"column":10},"end":{"line":349,"column":11}},"171":{"start":{"line":348,"column":12},"end":{"line":348,"column":37}},"172":{"start":{"line":350,"column":10},"end":{"line":350,"column":26}},"173":{"start":{"line":351,"column":10},"end":{"line":351,"column":23}},"174":{"start":{"line":355,"column":8},"end":{"line":360,"column":11}},"175":{"start":{"line":356,"column":10},"end":{"line":358,"column":11}},"176":{"start":{"line":357,"column":12},"end":{"line":357,"column":34}},"177":{"start":{"line":359,"column":10},"end":{"line":359,"column":21}},"178":{"start":{"line":363,"column":8},"end":{"line":363,"column":36}},"179":{"start":{"line":364,"column":8},"end":{"line":369,"column":11}},"180":{"start":{"line":365,"column":10},"end":{"line":367,"column":11}},"181":{"start":{"line":366,"column":12},"end":{"line":366,"column":46}},"182":{"start":{"line":368,"column":10},"end":{"line":368,"column":21}},"183":{"start":{"line":373,"column":8},"end":{"line":375,"column":9}},"184":{"start":{"line":374,"column":10},"end":{"line":374,"column":96}},"185":{"start":{"line":377,"column":8},"end":{"line":391,"column":9}},"186":{"start":{"line":379,"column":10},"end":{"line":381,"column":11}},"187":{"start":{"line":380,"column":12},"end":{"line":380,"column":64}},"188":{"start":{"line":383,"column":10},"end":{"line":383,"column":42}},"189":{"start":{"line":386,"column":10},"end":{"line":390,"column":11}},"190":{"start":{"line":387,"column":12},"end":{"line":387,"column":34}},"191":{"start":{"line":389,"column":12},"end":{"line":389,"column":20},"skip":true},"192":{"start":{"line":395,"column":6},"end":{"line":400,"column":7},"skip":true},"193":{"start":{"line":397,"column":8},"end":{"line":397,"column":49},"skip":true},"194":{"start":{"line":398,"column":8},"end":{"line":398,"column":36},"skip":true},"195":{"start":{"line":399,"column":8},"end":{"line":399,"column":24},"skip":true},"196":{"start":{"line":401,"column":6},"end":{"line":401,"column":32}},"197":{"start":{"line":401,"column":24},"end":{"line":401,"column":32}},"198":{"start":{"line":404,"column":4},"end":{"line":407,"column":5}},"199":{"start":{"line":406,"column":6},"end":{"line":406,"column":73}},"200":{"start":{"line":409,"column":4},"end":{"line":409,"column":34}},"201":{"start":{"line":410,"column":4},"end":{"line":410,"column":20}},"202":{"start":{"line":413,"column":0},"end":{"line":413,"column":20}},"203":{"start":{"line":417,"column":0},"end":{"line":419,"column":1}},"204":{"start":{"line":418,"column":2},"end":{"line":418,"column":26}},"205":{"start":{"line":420,"column":0},"end":{"line":420,"column":37}},"206":{"start":{"line":422,"column":0},"end":{"line":431,"column":2}},"207":{"start":{"line":434,"column":0},"end":{"line":449,"column":1}},"208":{"start":{"line":435,"column":2},"end":{"line":435,"column":34}},"209":{"start":{"line":437,"column":2},"end":{"line":437,"column":68}},"210":{"start":{"line":439,"column":2},"end":{"line":441,"column":3}},"211":{"start":{"line":440,"column":4},"end":{"line":440,"column":66}},"212":{"start":{"line":443,"column":2},"end":{"line":448,"column":3}},"213":{"start":{"line":444,"column":4},"end":{"line":444,"column":38}},"214":{"start":{"line":445,"column":4},"end":{"line":445,"column":65}},"215":{"start":{"line":447,"column":4},"end":{"line":447,"column":58}},"216":{"start":{"line":450,"column":0},"end":{"line":450,"column":29}}},"branchMap":{"1":{"line":15,"type":"cond-expr","locations":[{"start":{"line":16,"column":2},"end":{"line":16,"column":15}},{"start":{"line":17,"column":2},"end":{"line":26,"column":3}}]},"2":{"line":46,"type":"if","locations":[{"start":{"line":46,"column":4},"end":{"line":46,"column":4}},{"start":{"line":46,"column":4},"end":{"line":46,"column":4}}]},"3":{"line":69,"type":"cond-expr","locations":[{"start":{"line":69,"column":41},"end":{"line":69,"column":46}},{"start":{"line":69,"column":49},"end":{"line":69,"column":55}}]},"4":{"line":77,"type":"binary-expr","locations":[{"start":{"line":77,"column":9},"end":{"line":77,"column":30}},{"start":{"line":77,"column":34},"end":{"line":77,"column":44}}]},"5":{"line":83,"type":"if","locations":[{"start":{"line":83,"column":2},"end":{"line":83,"column":2},"skip":true},{"start":{"line":83,"column":2},"end":{"line":83,"column":2},"skip":true}]},"6":{"line":93,"type":"if","locations":[{"start":{"line":93,"column":2},"end":{"line":93,"column":2}},{"start":{"line":93,"column":2},"end":{"line":93,"column":2}}]},"7":{"line":103,"type":"if","locations":[{"start":{"line":103,"column":2},"end":{"line":103,"column":2}},{"start":{"line":103,"column":2},"end":{"line":103,"column":2}}]},"8":{"line":112,"type":"if","locations":[{"start":{"line":112,"column":2},"end":{"line":112,"column":2}},{"start":{"line":112,"column":2},"end":{"line":112,"column":2}}]},"9":{"line":112,"type":"binary-expr","locations":[{"start":{"line":112,"column":6},"end":{"line":112,"column":31}},{"start":{"line":112,"column":35},"end":{"line":112,"column":52}}]},"10":{"line":114,"type":"if","locations":[{"start":{"line":114,"column":9},"end":{"line":114,"column":9}},{"start":{"line":114,"column":9},"end":{"line":114,"column":9}}]},"11":{"line":116,"type":"if","locations":[{"start":{"line":116,"column":9},"end":{"line":116,"column":9}},{"start":{"line":116,"column":9},"end":{"line":116,"column":9}}]},"12":{"line":118,"type":"if","locations":[{"start":{"line":118,"column":9},"end":{"line":118,"column":9}},{"start":{"line":118,"column":9},"end":{"line":118,"column":9}}]},"13":{"line":123,"type":"if","locations":[{"start":{"line":123,"column":2},"end":{"line":123,"column":2}},{"start":{"line":123,"column":2},"end":{"line":123,"column":2}}]},"14":{"line":126,"type":"cond-expr","locations":[{"start":{"line":126,"column":30},"end":{"line":126,"column":48}},{"start":{"line":126,"column":51},"end":{"line":126,"column":53}}]},"15":{"line":130,"type":"if","locations":[{"start":{"line":130,"column":2},"end":{"line":130,"column":2}},{"start":{"line":130,"column":2},"end":{"line":130,"column":2}}]},"16":{"line":131,"type":"if","locations":[{"start":{"line":131,"column":2},"end":{"line":131,"column":2}},{"start":{"line":131,"column":2},"end":{"line":131,"column":2}}]},"17":{"line":131,"type":"binary-expr","locations":[{"start":{"line":131,"column":6},"end":{"line":131,"column":20}},{"start":{"line":131,"column":24},"end":{"line":131,"column":39}}]},"18":{"line":133,"type":"if","locations":[{"start":{"line":133,"column":2},"end":{"line":133,"column":2}},{"start":{"line":133,"column":2},"end":{"line":133,"column":2}}]},"19":{"line":155,"type":"if","locations":[{"start":{"line":155,"column":2},"end":{"line":155,"column":2}},{"start":{"line":155,"column":2},"end":{"line":155,"column":2}}]},"20":{"line":158,"type":"if","locations":[{"start":{"line":158,"column":4},"end":{"line":158,"column":4}},{"start":{"line":158,"column":4},"end":{"line":158,"column":4}}]},"21":{"line":179,"type":"if","locations":[{"start":{"line":179,"column":2},"end":{"line":179,"column":2}},{"start":{"line":179,"column":2},"end":{"line":179,"column":2}}]},"22":{"line":182,"type":"cond-expr","locations":[{"start":{"line":182,"column":58},"end":{"line":182,"column":71}},{"start":{"line":182,"column":74},"end":{"line":182,"column":80}}]},"23":{"line":194,"type":"if","locations":[{"start":{"line":194,"column":2},"end":{"line":194,"column":2}},{"start":{"line":194,"column":2},"end":{"line":194,"column":2}}]},"24":{"line":194,"type":"binary-expr","locations":[{"start":{"line":194,"column":6},"end":{"line":194,"column":29}},{"start":{"line":194,"column":3
[...]
2":[0,0],"13":[0,0],"14":[0,0],"15":[0,0],"16":[0,0],"17":[0,0],"18":[0,0]},"f":{"1":0,"2":0,"3":0},"fnMap":{"1":{"name":"splitPath","line":17,"loc":{"start":{"line":17,"column":0},"end":{"line":17,"column":22}}},"2":{"name":"checkPath","line":21,"loc":{"start":{"line":21,"column":0},"end":{"line":21,"column":29}}},"3":{"name":"_which","line":37,"loc":{"start":{"line":37,"column":0},"end":{"line":37,"column":30}}}},"statementMap":{"1":{"start":{"line":1,"column":0},"end":{"line":1,"column":33}},"2":{"start":{"line":2,"column":0},"end":{"line":2,"column":23}},"3":{"start":{"line":3,"column":0},"end":{"line":3,"column":27}},"4":{"start":{"line":5,"column":0},"end":{"line":10,"column":3}},"5":{"start":{"line":14,"column":0},"end":{"line":14,"column":76}},"6":{"start":{"line":17,"column":0},"end":{"line":19,"column":1}},"7":{"start":{"line":18,"column":2},"end":{"line":18,"column":42}},"8":{"start":{"line":21,"column":0},"end":{"line":23,"column":1}},"9":{"start":{"line":22,"column":2},"end":{"line":22,"column":73}},"10":{"start":{"line":37,"column":0},"end":{"line":97,"column":1}},"11":{"start":{"line":38,"column":2},"end":{"line":38,"column":49}},"12":{"start":{"line":38,"column":12},"end":{"line":38,"column":49}},"13":{"start":{"line":40,"column":2},"end":{"line":40,"column":73}},"14":{"start":{"line":41,"column":2},"end":{"line":41,"column":37}},"15":{"start":{"line":43,"column":2},"end":{"line":43,"column":24}},"16":{"start":{"line":46,"column":2},"end":{"line":91,"column":3}},"17":{"start":{"line":49,"column":4},"end":{"line":49,"column":28}},"18":{"start":{"line":50,"column":4},"end":{"line":55,"column":5}},"19":{"start":{"line":53,"column":6},"end":{"line":53,"column":65}},"20":{"start":{"line":54,"column":6},"end":{"line":54,"column":57}},"21":{"start":{"line":58,"column":4},"end":{"line":88,"column":5}},"22":{"start":{"line":60,"column":6},"end":{"line":60,"column":57}},"23":{"start":{"line":60,"column":51},"end":{"line":60,"column":57}},"24":{"start":{"line":62,"column":6},"end":{"line":62,"column":52}},"25":{"start":{"line":64,"column":6},"end":{"line":66,"column":7}},"26":{"start":{"line":65,"column":8},"end":{"line":65,"column":40}},"27":{"start":{"line":68,"column":6},"end":{"line":68,"column":53}},"28":{"start":{"line":69,"column":6},"end":{"line":87,"column":7}},"29":{"start":{"line":72,"column":8},"end":{"line":75,"column":9}},"30":{"start":{"line":73,"column":10},"end":{"line":73,"column":37}},"31":{"start":{"line":74,"column":10},"end":{"line":74,"column":16}},"32":{"start":{"line":79,"column":8},"end":{"line":86,"column":9}},"33":{"start":{"line":80,"column":10},"end":{"line":80,"column":36}},"34":{"start":{"line":81,"column":10},"end":{"line":81,"column":41}},"35":{"start":{"line":82,"column":10},"end":{"line":85,"column":11}},"36":{"start":{"line":83,"column":12},"end":{"line":83,"column":42}},"37":{"start":{"line":84,"column":12},"end":{"line":84,"column":18}},"38":{"start":{"line":89,"column":9},"end":{"line":91,"column":3}},"39":{"start":{"line":90,"column":4},"end":{"line":90,"column":41}},"40":{"start":{"line":93,"column":2},"end":{"line":95,"column":3}},"41":{"start":{"line":94,"column":4},"end":{"line":94,"column":56}},"42":{"start":{"line":96,"column":2},"end":{"line":96,"column":33}},"43":{"start":{"line":98,"column":0},"end":{"line":98,"column":24}}},"branchMap":{"1":{"line":18,"type":"cond-expr","locations":[{"start":{"line":18,"column":13},"end":{"line":18,"column":36}},{"start":{"line":18,"column":39},"end":{"line":18,"column":41}}]},"2":{"line":22,"type":"binary-expr","locations":[{"start":{"line":22,"column":9},"end":{"line":22,"column":32}},{"start":{"line":22,"column":36},"end":{"line":22,"column":72}}]},"3":{"line":38,"type":"if","locations":[{"start":{"line":38,"column":2},"end":{"line":38,"column":2}},{"start":{"line":38,"column":2},"end":{"line":38,"column":2}}]},"4":{"line":40,"type":"binary-expr","locations":[{"start":{"line":40,"column":16},"end":{"line":40,"column":32}},{"start":{"line":40,"column":36},"end":{"line":40,"column":52}},{"start":{"line":40,"column":56},"end":{"line":40,"column":72}}]},"5":{"line":46,"type":"if","locations":[{"start":{"line":46,"column":2},"end":{"line":46,"column":2}},{"start":{"line":46,"column":2},"end":{"line":46,"column":2}}]},"6":{"line":50,"type":"if","locations":[{"start":{"line":50,"column":4},"end":{"line":50,"column":4}},{"start":{"line":50,"column":4},"end":{"line":50,"column":4}}]},"7":{"line":53,"type":"binary-expr","locations":[{"start":{"line":53,"column":23},"end":{"line":53,"column":42}},{"start":{"line":53,"column":46},"end":{"line":53,"column":64}}]},"8":{"line":60,"type":"if","locations":[{"start":{"line":60,"column":6},"end":{"line":60,"column":6}},{"start":{"line":60,"column":6},"end":{"line":60,"column":6}}]},"9":{"line":60,"type":"binary-expr","locations":[{"start":{"line":60,"column":10},"end":{"line":60,"column":33}},{"start":{"line":60,"column":37},"end":{"line":60,"column":49}}]},"10":{"line":64,"type":"if","locations":[{"start":{"line":64,"column":6},"end":{"line":64,"column":6}},{"start":{"line":64,"column":6},"end":{"line":64,"column":6}}]},"11":{"line":69,"type":"if","locations":[{"start":{"line":69,"column":6},"end":{"line":69,"column":6}},{"start":{"line":69,"column":6},"end":{"line":69,"column":6}}]},"12":{"line":69,"type":"binary-expr","locations":[{"start":{"line":69,"column":10},"end":{"line":69,"column":15}},{"start":{"line":69,"column":19},"end":{"line":69,"column":54}}]},"13":{"line":72,"type":"if","locations":[{"start":{"line":72,"column":8},"end":{"line":72,"column":8}},{"start":{"line":72,"column":8},"end":{"line":72,"column":8}}]},"14":{"line":82,"type":"if","locations":[{"start":{"line":82,"column":10},"end":{"line":82,"column":10}},{"start":{"line":82,"column":10},"end":{"line":82,"column":10}}]},"15":{"line":89,"type":"if","locations":[{"start":{"line":89,"column":9},"end":{"line":89,"column":9}},{"start":{"line":89,"column":9},"end":{"line":89,"column":9}}]},"16":{"line":93,"type":"if","locations":[{"start":{"line":93,"column":2},"end":{"line":93,"column":2}},{"start":{"line":93,"column":2},"end":{"line":93,"column":2}}]},"17":{"line":94,"type":"cond-expr","locations":[{"start":{"line":94,"column":25},"end":{"line":94,"column":37}},{"start":{"line":94,"column":40},"end":{"line":94,"column":55}}]},"18":{"line":96,"type":"cond-expr","locations":[{"start":{"line":96,"column":23},"end":{"line":96,"column":25}},{"start":{"line":96,"column":28},"end":{"line":96,"column":32}}]}},"code":["var common = require('./common');","var fs = require('fs');","var path = require('path');","","common.register('which', _which, {","  allowGlobbing: false,","  cmdOptions: {","    'a': 'all',","  },","});","","// XP's system default value for PATHEXT system variable, just in case it's not","// set on Windows.","var XP_DEFAULT_PATHEXT = '.com;.exe;.bat;.cmd;.vbs;.vbe;.js;.jse;.wsf;.wsh';","","// Cross-platform method for splitting environment PATH variables","function splitPath(p) {","  return p ? p.split(path.delimiter) : [];","}","","function checkPath(pathName) {","  return fs.existsSync(pathName) && !fs.statSync(pathName).isDirectory();","}","","//@","//@ ### which(command)","//@","//@ Examples:","//@","//@ ```javascript","//@ var nodeExec = which('node');","//@ ```","//@","//@ Searches for `command` in the system's PATH. On Windows, this uses the","//@ `PATHEXT` variable to append the extension if it's not already executable.","//@ Returns string containing the absolute path to the command.","function _which(options, cmd) {","  if (!cmd) common.error('must specify command');","","  var pathEnv = process.env.path || process.env.Path || process.env.PATH;","  var pathArray = splitPath(pathEnv);","","  var queryMatches = [];","","  // No relative/absolute paths provided?","  if (cmd.indexOf('/') === -1) {","    // Assume that there are no extensions to append to queries (this is the","    // case for unix)","    var pathExtArray = [''];","    if (common.platform === 'win') {","      // In case the PATHEXT variable is somehow not set (e.g.","      // child_process.spawn with an empty environment), use the XP default.","      var pathExtEnv = process.env.PATHEXT || XP_DEFAULT_PATHEXT;","      pathExtArray = splitPath(pathExtEnv.toUpperCase());","    }","","    // Search for command in PATH","    for (var k = 0; k < pathArray.length; k++) {","      // already found it","      if (queryMatches.length > 0 && !options.all) break;","","      var attempt = path.resolve(pathArray[k], cmd);","","      if (common.platform === 'win') {","        attempt = attempt.toUpperCase();","      }","","      var match = attempt.match(/\\.[^<>:\"/\\|?*.]+$/);","      if (match && pathExtArray.indexOf(match[0]) >= 0) { // this is Windows-only","        // The user typed a query with the file extension, like","        // `which('node.exe')`","        if (checkPath(attempt)) {","          queryMatches.push(attempt);","          break;","        }","      } else { // All-platforms","        // Cycle through the PATHEXT array, and check each extension","        // Note: the array is always [''] on Unix","        for (var i = 0; i < pathExtArray.length; i++) {","          var ext = pathExtArray[i];","          var newAttempt = attempt + ext;","          if (checkPath(newAttempt)) {","            queryMatches.push(newAttempt);","            break;","          }","        }","      }","    }","  } else if (checkPath(cmd)) { // a valid absolute or relative path","    queryMatches.push(path.resolve(cmd));","  }","","  if (queryMatches.length > 0) {","    return options.all ? queryMatches : queryMatches[0];","  }","  return options.all ? [] : null;","}","module.exports = _which;",""],"l":{"1":1,"2":1,"3":1,"5":1,"14":1,"17":1,"18":0,"21":1,"22":0,"37":1,"38":0,"40":0,"41":0,"43":0,"46":0,"49":0,"50":0,"53":0,"54":0,"58":0,"60":0,"62":0,"64":0,"65":0,"68":0,"69":0,"72":0,"73":0,"74":0,"79":0,"80":0,"81":0,"82":0,"83":0,"84":0,"89":0,"90":0,"93":0,"94":0,"96":0,"98":1}},"/home/travis/build/npmtest/node-npmtest-shelljs/node_modules/shelljs/src/error.js":{"path":"/home/travis/build/npmtest/node-npmtest-shelljs/node_modules/shelljs/src/error.js","s":{"1":1,"2":1,"3":0,"4":1},"b":{},"f":{"1":0},"fnMap":{"1":{"name":"error","line":11,"loc":{"start":{"line":11,"column":0},"end":{"line":11,"column":17}}}},"statementMap":{"1":{"start":{"line":1,"column":0},"end":{"line":1,"column":33}},"2":{"start":{"line":11,"column":0},"end":{"line":13,"column":1}},"3":{"start":{"line":12,"column":2},"end":{"line":12,"column":28}},"4":{"start":{"line":14,"column":0},"end":{"line":14,"column":23}}},"branchMap":{},"code":["var common = require('./common');","","//@","//@ ### error()","//@ Tests if error occurred in the last command. Returns a truthy value if an","//@ error returned and a falsy value otherwise.","//@","//@ **Note**: do not rely on the","//@ return value to be an error message. If you need the last error message, use","//@ the `.stderr` attribute from the last command's return value instead.","function error() {","  return common.state.error;","}","module.exports = error;",""],"l":{"1":1,"11":1,"12":0,"14":1}},"/home/travis/build/npmtest/node-npmtest-shelljs/node_modules/shelljs/global.js":{"path":"/home/travis/build/npmtest/node-npmtest-shelljs/node_modules/shelljs/global.js","s":{"1":1,"2":1,"3":1,"4":32,"5":1,"6":1,"7":1,"8":1},"b":{},"f":{"1":32},"fnMap":{"1":{"name":"(anonymous_1)","line":4,"loc":{"start":{"line":4,"column":27},"end":{"line":4,"column":42}}}},"statementMap":{"1":{"start":{"line":2,"column":0},"end":{"line":2,"column":34}},"2":{"start":{"line":3,"column":0},"end":{"line":3,"column":37}},"3":{"start":{"line":4,"column":0},"end":{"line":6,"column":3}},"4":{"start":{"line":5,"column":2},"end":{"line":5,"column":27}},"5":{"start":{"line":8,"column":0},"end":{"line":8,"column":30}},"6":{"start":{"line":9,"column":0},"end":{"line":9,"column":45}},"7":{"start":{"line":11,"column":0},"end":{"line":11,"column":36}},"8":{"start":{"line":12,"column":0},"end":{"line":12,"column":54}}},"branchMap":{},"code":["/* eslint no-extend-native: 0 */","var shell = require('./shell.js');","var common = require('./src/common');","Object.keys(shell).forEach(function (cmd) {","  global[cmd] = shell[cmd];","});","","var _to = require('./src/to');","String.prototype.to = common.wrap('to', _to);","","var _toEnd = require('./src/toEnd');","String.prototype.toEnd = common.wrap('toEnd', _toEnd);",""],"l":{"2":1,"3":1,"4":1,"5":32,"8":1,"9":1,"11":1,"12":1}},"/home/travis/build/npmtest/node-npmtest-shelljs/node_modules/shelljs/make.js":{"path":"/home/travis/build/npmtest/node-npmtest-shelljs/node_modules/shelljs/make.js","s":{"1":1,"2":1,"3":1,"4":1,"5":1,"6":0,"7":0,"8":1,"9":0,"10":0,"11":0,"12":0,"13":0,"14":0,"15":0,"16":0,"17":0,"18":0,"19":0,"20":0,"21":0,"22":0,"23":0,"24":0,"25":0,"26":0,"27":0,"28":0},"b":{"1":[0,1],"2":[0,0],"3":[0,0],"4":[0,0],"5":[0,0],"6":[0,0],"7":[0,0]},"f":{"1":0,"2":0,"3":0,"4":0},"fnMap":{"1":{"name":"(anonymous_1)","line":18,"loc":{"start":{"line":18,"column":11},"end":{"line":18,"column":22}}},"2":{"name":"(anonymous_2)","line":30,"loc":{"start":{"line":30,"column":5},"end":{"line":30,"column":27}}},"3":{"name":"(anonymous_3)","line":33,"loc":{"start":{"line":33,"column":25},"end":{"line":33,"column":36}}},"4":{"name":"(anonymous_4)","line":46,"loc":{"start":{"line":46,"column":17},"end":{"line":46,"column":31}}}},"statementMap":{"1":{"start":{"line":1,"column":0},"end":{"line":1,"column":20}},"2":{"start":{"line":3,"column":0},"end":{"line":3,"column":27}},"3":{"start":{"line":4,"column":0},"end":{"line":4,"column":19}},"4":{"start":{"line":6,"column":0},"end":{"line":8,"column":33}},"5":{"start":{"line":11,"column":0},"end":{"line":14,"column":1}},"6":{"start":{"line":12,"column":2},"end":{"line":12,"column":54}},"7":{"start":{"line":13,"column":2},"end":{"line":13,"column":34}},"8":{"start":{"line":18,"column":0},"end":{"line":57,"column":6}},"9":{"start":{"line":19,"column":2},"end":{"line":19,"column":8}},"10":{"start":{"line":21,"column":2},"end":{"line":26,"column":3}},"11":{"start":{"line":22,"column":4},"end":{"line":22,"column":38}},"12":{"start":{"line":23,"column":4},"end":{"line":24,"column":28}},"13":{"start":{"line":24,"column":6},"end":{"line":24,"column":28}},"14":{"start":{"line":25,"column":4},"end":{"line":25,"column":11}},"15":{"start":{"line":29,"column":2},"end":{"line":42,"column":3}},"16":{"start":{"line":30,"column":4},"end":{"line":41,"column":28}},"17":{"start":{"line":33,"column":6},"end":{"line":39,"column":8}},"18":{"start":{"line":34,"column":8},"end":{"line":37,"column":9}},"19":{"start":{"line":35,"column":10},"end":{"line":35,"column":32}},"20":{"start":{"line":36,"column":10},"end":{"line":36,"column":67}},"21":{"start":{"line":38,"column":8},"end":{"line":38,"column":32}},"22":{"start":{"line":45,"column":2},"end":{"line":55,"column":3}},"23":{"start":{"line":46,"column":4},"end":{"line":52,"column":7}},"24":{"start":{"line":47,"column":6},"end":{"line":51,"column":7}},"25":{"start":{"line":48,"column":8},"end":{"line":48,"column":39}},"26":{"start":{"line":50,"column":8},"end":{"line":50,"column":46}},"27":{"start":{"line":53,"column":9},"end":{"line":55,"column":3}},"28":{"start":{"line":54,"column":4},"end":{"line":54,"column":34}}},"branchMap":{"1":{"line":11,"type":"if","locations":[{"start":{"line":11,"column":0},"end":{"line":11,"column":0}},{"start":{"line":11,"column":0},"end":{"line":11,"column":0}}]},"2":{"line":21,"type":"if","locations":[{"start":{"line":21,"column":2},"end":{"line":21,"column":2}},{"start":{"line":21,"column":2},"end":{"line":21,"column":2}}]},"3":{"line":21,"type":"binary-expr","locations":[{"start":{"line":21,"column":6},"end":{"line":21,"column":23}},{"start":{"line":21,"column":27},"end":{"line":21,"column":47}}]},"4":{"line":34,"type":"if","locations":[{"start":{"line":34,"column":8},"end":{"line":34,"column":8}},{"start":{"line":34,"column":8},"end":{"line":34,"column":8}}]},"5":{"line":45,"type":"if","locations":[{"start":{"line":45,"column":2},"end":{"line":45,"column":2}},{"start":{"line":45,"column":2},"end":{"line":45,"column":2}}]},"6":{"line":47,"type":"if","locations":[{"start":{"line":47,"column":6},"end":{"line":47,"column":6}},{"start":{"line":47,"column":6},"end":{"line":47,"column":6}}]},"7":{"line":53,"type":"if","locations":[{"start":{"line":53,"column":9},"end":{"line":53,"column":9}},{"start":{"line":53,"column":9},"end":{"line":53,"column":9}}]}},"code":["require('./global');","","global.config.fatal = true;","global.target = {};","","var args = process.argv.slice(2),","  targetArgs,","  dashesLoc = args.indexOf('--');","","// split args, everything after -- if only for targets","if (dashesLoc > -1) {","  targetArgs = args.slice(dashesLoc + 1, args.length);","  args = args.slice(0, dashesLoc);","}","","// This ensures we only execute the script targets after the entire script has","// been evaluated","setTimeout(function() {","  var t;","","  if (args.length === 1 && args[0] === '--help') {","    console.log('Available targets:');","    for (t in global.target)","      console.log('  ' + t);","    return;","  }","","  // Wrap targets to prevent duplicate execution","  for (t in global.target) {","    (function(t, oldTarget){","","      // Wrap it","      global.target[t] = function() {","        if (!oldTarget.done){","          oldTarget.done = true;","          oldTarget.result = oldTarget.apply(oldTarget, arguments);","        }","        return oldTarget.result;","      };","","    })(t, global.target[t]);","  }","","  // Execute desired targets","  if (args.length > 0) {","    args.forEach(function(arg) {","      if (arg in global.target)","        global.target[arg](targetArgs);","      else {","        console.log('no such target: ' + arg);","      }","    });","  } else if ('all' in global.target) {","    global.target.all(targetArgs);","  }","","}, 0);",""],"l":{"1":1,"3":1,"4":1,"6":1,"11":1,"12":0,"13":0,"18":1,"19":0,"21":0,"22":0,"23":0,"24":0,"25":0,"29":0,"30":0,"33":0,"34":0,"35":0,"36":0,"38":0,"45":0,"46":0,"47":0,"48":0,"50":0,"53":0,"54":0}},"/home/travis/build/npmtest/node-npmtest-shelljs/node_modules/shelljs/plugin.js":{"path":"/home/travis/build/npmtest/node-npmtest-shelljs/node_modules/shelljs/plugin.js","s":{"1":1,"2":1,"3":1,"4":1,"5":4},"b":{},"f":{"1":4},"fnMap":{"1":{"name":"(anonymous_1)","line":14,"loc":{"start":{"line":14,"column":27},"end":{"line":14,"column":43}}}},"statementMap":{"1":{"start":{"line":3,"column":0},"end":{"line":3,"column":19}},"2":{"start":{"line":5,"column":0},"end":{"line":5,"column":37}},"3":{"start":{"line":7,"column":0},"end":{"line":12,"column":2}},"4":{"start":{"line":14,"column":0},"end":{"line":16,"column":3}},"5":{"start":{"line":15,"column":2},"end":{"line":15,"column":31}}},"branchMap":{},"code":["// Various utilties exposed to plugins","","require('./shell'); // Create the ShellJS instance (mandatory)","","var common = require('./src/common');","","var exportedAttributes = [","  'error',        // For signaling errors from within commands","  'parseOptions', // For custom option parsing","  'readFromPipe', // For commands with the .canReceivePipe attribute","  'register',     // For registering plugins","];","","exportedAttributes.forEach(function (attr) {","  exports[attr] = common[attr];","});",""],"l":{"3":1,"5":1,"7":1,"14":1,"15":4}},"/home/travis/build/npmtest/node-npmtest-shelljs/node_modules/shelljs/src/popd.js":{"path":"/home/travis/build/npmtest/node-npmtest-shelljs/node_modules/shelljs/src/popd.js","s":{},"b":{},"f":{},"fnMap":{},"statementMap":{},"branchMap":{},"code":["// see dirs.js",""],"l":{}},"/home/travis/build/npmtest/node-npmtest-shelljs/node_modules/shelljs/src/pushd.js":{"path":"/home/travis/build/npmtest/node-npmtest-shelljs/node_modules/shelljs/src/pushd.js","s":{},"b":{},"f":{},"fnMap":{},"statementMap":{},"branchMap":{},"code":["// see dirs.js",""],"l":{}}}